{"meta": {"format": 3, "version": "7.13.5", "timestamp": "2026-04-18T20:49:52.592212", "branch_coverage": false, "show_contexts": false}, "files": {"api/__init__.py": {"executed_lines": [1, 3], "summary": {"covered_lines": 2, "num_statements": 2, "percent_covered": 100.0, "percent_covered_display": "100", "missing_lines": 0, "excluded_lines": 0, "percent_statements_covered": 100.0, "percent_statements_covered_display": "100"}, "missing_lines": [], "excluded_lines": [], "functions": {"": {"executed_lines": [1, 3], "summary": {"covered_lines": 2, "num_statements": 2, "percent_covered": 100.0, "percent_covered_display": "100", "missing_lines": 0, "excluded_lines": 0, "percent_statements_covered": 100.0, "percent_statements_covered_display": "100"}, "missing_lines": [], "excluded_lines": [], "start_line": 1}}, "classes": {"": {"executed_lines": [1, 3], "summary": {"covered_lines": 2, "num_statements": 2, "percent_covered": 100.0, "percent_covered_display": "100", "missing_lines": 0, "excluded_lines": 0, "percent_statements_covered": 100.0, "percent_statements_covered_display": "100"}, "missing_lines": [], "excluded_lines": [], "start_line": 1}}}, "api/users.py": {"executed_lines": [2, 3, 4, 6, 8, 9, 12, 14, 15, 20, 21, 26, 27, 32, 33], "summary": {"covered_lines": 15, "num_statements": 19, "percent_covered": 78.94736842105263, "percent_covered_display": "79", "missing_lines": 4, "excluded_lines": 0, "percent_statements_covered": 78.94736842105263, "percent_statements_covered_display": "79"}, "missing_lines": [18, 24, 30, 36], "excluded_lines": [], "functions": {"list_users": {"executed_lines": [12], "summary": {"covered_lines": 1, "num_statements": 1, "percent_covered": 100.0, "percent_covered_display": "100", "missing_lines": 0, "excluded_lines": 0, "percent_statements_covered": 100.0, "percent_statements_covered_display": "100"}, "missing_lines": [], "excluded_lines": [], "start_line": 9}, "get_users": {"executed_lines": [], "summary": {"covered_lines": 0, "num_statements": 1, "percent_covered": 0.0, "percent_covered_display": "0", "missing_lines": 1, "excluded_lines": 0, "percent_statements_covered": 0.0, "percent_statements_covered_display": "0"}, "missing_lines": [18], "excluded_lines": [], "start_line": 15}, "create_users": {"executed_lines": [], "summary": {"covered_lines": 0, "num_statements": 1, "percent_covered": 0.0, "percent_covered_display": "0", "missing_lines": 1, "excluded_lines": 0, "percent_statements_covered": 0.0, "percent_statements_covered_display": "0"}, "missing_lines": [24], "excluded_lines": [], "start_line": 21}, "update_users": {"executed_lines": [], "summary": {"covered_lines": 0, "num_statements": 1, "percent_covered": 0.0, "percent_covered_display": "0", "missing_lines": 1, "excluded_lines": 0, "percent_statements_covered": 0.0, "percent_statements_covered_display": "0"}, "missing_lines": [30], "excluded_lines": [], "start_line": 27}, "delete_users": {"executed_lines": [], "summary": {"covered_lines": 0, "num_statements": 1, "percent_covered": 0.0, "percent_covered_display": "0", "missing_lines": 1, "excluded_lines": 0, "percent_statements_covered": 0.0, "percent_statements_covered_display": "0"}, "missing_lines": [36], "excluded_lines": [], "start_line": 33}, "": {"executed_lines": [2, 3, 4, 6, 8, 9, 14, 15, 20, 21, 26, 27, 32, 33], "summary": {"covered_lines": 14, "num_statements": 14, "percent_covered": 100.0, "percent_covered_display": "100", "missing_lines": 0, "excluded_lines": 0, "percent_statements_covered": 100.0, "percent_statements_covered_display": "100"}, "missing_lines": [], "excluded_lines": [], "start_line": 1}}, "classes": {"": {"executed_lines": [2, 3, 4, 6, 8, 9, 12, 14, 15, 20, 21, 26, 27, 32, 33], "summary": {"covered_lines": 15, "num_statements": 19, "percent_covered": 78.94736842105263, "percent_covered_display": "79", "missing_lines": 4, "excluded_lines": 0, "percent_statements_covered": 78.94736842105263, "percent_statements_covered_display": "79"}, "missing_lines": [18, 24, 30, 36], "excluded_lines": [], "start_line": 1}}}, "main.py": {"executed_lines": [2, 3, 5, 11, 13, 14, 17], "summary": {"covered_lines": 7, "num_statements": 10, "percent_covered": 70.0, "percent_covered_display": "70", "missing_lines": 3, "excluded_lines": 0, "percent_statements_covered": 70.0, "percent_statements_covered_display": "70"}, "missing_lines": [15, 18, 19], "excluded_lines": [], "functions": {"health_check": {"executed_lines": [], "summary": {"covered_lines": 0, "num_statements": 1, "percent_covered": 0.0, "percent_covered_display": "0", "missing_lines": 1, "excluded_lines": 0, "percent_statements_covered": 0.0, "percent_statements_covered_display": "0"}, "missing_lines": [15], "excluded_lines": [], "start_line": 14}, "": {"executed_lines": [2, 3, 5, 11, 13, 14, 17], "summary": {"covered_lines": 7, "num_statements": 9, "percent_covered": 77.77777777777777, "percent_covered_display": "78", "missing_lines": 2, "excluded_lines": 0, "percent_statements_covered": 77.77777777777777, "percent_statements_covered_display": "78"}, "missing_lines": [18, 19], "excluded_lines": [], "start_line": 1}}, "classes": {"": {"executed_lines": [2, 3, 5, 11, 13, 14, 17], "summary": {"covered_lines": 7, "num_statements": 10, "percent_covered": 70.0, "percent_covered_display": "70", "missing_lines": 3, "excluded_lines": 0, "percent_statements_covered": 70.0, "percent_statements_covered_display": "70"}, "missing_lines": [15, 18, 19], "excluded_lines": [], "start_line": 1}}}, "models/__init__.py": {"executed_lines": [1, 3], "summary": {"covered_lines": 2, "num_statements": 2, "percent_covered": 100.0, "percent_covered_display": "100", "missing_lines": 0, "excluded_lines": 0, "percent_statements_covered": 100.0, "percent_statements_covered_display": "100"}, "missing_lines": [], "excluded_lines": [], "functions": {"": {"executed_lines": [1, 3], "summary": {"covered_lines": 2, "num_statements": 2, "percent_covered": 100.0, "percent_covered_display": "100", "missing_lines": 0, "excluded_lines": 0, "percent_statements_covered": 100.0, "percent_statements_covered_display": "100"}, "missing_lines": [], "excluded_lines": [], "start_line": 1}}, "classes": {"": {"executed_lines": [1, 3], "summary": {"covered_lines": 2, "num_statements": 2, "percent_covered": 100.0, "percent_covered_display": "100", "missing_lines": 0, "excluded_lines": 0, "percent_statements_covered": 100.0, "percent_statements_covered_display": "100"}, "missing_lines": [], "excluded_lines": [], "start_line": 1}}}, "models/users.py": {"executed_lines": [2, 3, 4, 6, 9, 14, 15, 17, 18, 20, 21], "summary": {"covered_lines": 11, "num_statements": 11, "percent_covered": 100.0, "percent_covered_display": "100", "missing_lines": 0, "excluded_lines": 0, "percent_statements_covered": 100.0, "percent_statements_covered_display": "100"}, "missing_lines": [], "excluded_lines": [], "functions": {"": {"executed_lines": [2, 3, 4, 6, 9, 14, 15, 17, 18, 20, 21], "summary": {"covered_lines": 11, "num_statements": 11, "percent_covered": 100.0, "percent_covered_display": "100", "missing_lines": 0, "excluded_lines": 0, "percent_statements_covered": 100.0, "percent_statements_covered_display": "100"}, "missing_lines": [], "excluded_lines": [], "start_line": 1}}, "classes": {"UsersBase": {"executed_lines": [], "summary": {"covered_lines": 0, "num_statements": 0, "percent_covered": 100.0, "percent_covered_display": "100", "missing_lines": 0, "excluded_lines": 0, "percent_statements_covered": 100.0, "percent_statements_covered_display": "100"}, "missing_lines": [], "excluded_lines": [], "start_line": 6}, "Users": {"executed_lines": [], "summary": {"covered_lines": 0, "num_statements": 0, "percent_covered": 100.0, "percent_covered_display": "100", "missing_lines": 0, "excluded_lines": 0, "percent_statements_covered": 100.0, "percent_statements_covered_display": "100"}, "missing_lines": [], "excluded_lines": [], "start_line": 9}, "Users.Config": {"executed_lines": [], "summary": {"covered_lines": 0, "num_statements": 0, "percent_covered": 100.0, "percent_covered_display": "100", "missing_lines": 0, "excluded_lines": 0, "percent_statements_covered": 100.0, "percent_statements_covered_display": "100"}, "missing_lines": [], "excluded_lines": [], "start_line": 14}, "UsersCreate": {"executed_lines": [], "summary": {"covered_lines": 0, "num_statements": 0, "percent_covered": 100.0, "percent_covered_display": "100", "missing_lines": 0, "excluded_lines": 0, "percent_statements_covered": 100.0, "percent_statements_covered_display": "100"}, "missing_lines": [], "excluded_lines": [], "start_line": 17}, "UsersUpdate": {"executed_lines": [], "summary": {"covered_lines": 0, "num_statements": 0, "percent_covered": 100.0, "percent_covered_display": "100", "missing_lines": 0, "excluded_lines": 0, "percent_statements_covered": 100.0, "percent_statements_covered_display": "100"}, "missing_lines": [], "excluded_lines": [], "start_line": 20}, "": {"executed_lines": [2, 3, 4, 6, 9, 14, 15, 17, 18, 20, 21], "summary": {"covered_lines": 11, "num_statements": 11, "percent_covered": 100.0, "percent_covered_display": "100", "missing_lines": 0, "excluded_lines": 0, "percent_statements_covered": 100.0, "percent_statements_covered_display": "100"}, "missing_lines": [], "excluded_lines": [], "start_line": 1}}}, "src/helix/__init__.py": {"executed_lines": [7, 8, 9, 11, 12, 13, 15], "summary": {"covered_lines": 7, "num_statements": 7, "percent_covered": 100.0, "percent_covered_display": "100", "missing_lines": 0, "excluded_lines": 0, "percent_statements_covered": 100.0, "percent_statements_covered_display": "100"}, "missing_lines": [], "excluded_lines": [], "functions": {"": {"executed_lines": [7, 8, 9, 11, 12, 13, 15], "summary": {"covered_lines": 7, "num_statements": 7, "percent_covered": 100.0, "percent_covered_display": "100", "missing_lines": 0, "excluded_lines": 0, "percent_statements_covered": 100.0, "percent_statements_covered_display": "100"}, "missing_lines": [], "excluded_lines": [], "start_line": 1}}, "classes": {"": {"executed_lines": [7, 8, 9, 11, 12, 13, 15], "summary": {"covered_lines": 7, "num_statements": 7, "percent_covered": 100.0, "percent_covered_display": "100", "missing_lines": 0, "excluded_lines": 0, "percent_statements_covered": 100.0, "percent_statements_covered_display": "100"}, "missing_lines": [], "excluded_lines": [], "start_line": 1}}}, "src/helix/adapters/__init__.py": {"executed_lines": [5, 6, 8], "summary": {"covered_lines": 3, "num_statements": 3, "percent_covered": 100.0, "percent_covered_display": "100", "missing_lines": 0, "excluded_lines": 0, "percent_statements_covered": 100.0, "percent_statements_covered_display": "100"}, "missing_lines": [], "excluded_lines": [], "functions": {"": {"executed_lines": [5, 6, 8], "summary": {"covered_lines": 3, "num_statements": 3, "percent_covered": 100.0, "percent_covered_display": "100", "missing_lines": 0, "excluded_lines": 0, "percent_statements_covered": 100.0, "percent_statements_covered_display": "100"}, "missing_lines": [], "excluded_lines": [], "start_line": 1}}, "classes": {"": {"executed_lines": [5, 6, 8], "summary": {"covered_lines": 3, "num_statements": 3, "percent_covered": 100.0, "percent_covered_display": "100", "missing_lines": 0, "excluded_lines": 0, "percent_statements_covered": 100.0, "percent_statements_covered_display": "100"}, "missing_lines": [], "excluded_lines": [], "start_line": 1}}}, "src/helix/adapters/base.py": {"executed_lines": [13, 14, 15, 18, 19, 22, 23, 26, 27, 31, 32, 35, 38, 39, 41, 42, 46, 51, 54, 55, 57, 61, 66, 69, 70, 72, 76], "summary": {"covered_lines": 27, "num_statements": 33, "percent_covered": 81.81818181818181, "percent_covered_display": "82", "missing_lines": 6, "excluded_lines": 0, "percent_statements_covered": 81.81818181818181, "percent_statements_covered_display": "82"}, "missing_lines": [44, 48, 59, 63, 74, 78], "excluded_lines": [], "functions": {"AIAdapter.execute": {"executed_lines": [], "summary": {"covered_lines": 0, "num_statements": 1, "percent_covered": 0.0, "percent_covered_display": "0", "missing_lines": 1, "excluded_lines": 0, "percent_statements_covered": 0.0, "percent_statements_covered_display": "0"}, "missing_lines": [44], "excluded_lines": [], "start_line": 42}, "AIAdapter.is_available": {"executed_lines": [], "summary": {"covered_lines": 0, "num_statements": 1, "percent_covered": 0.0, "percent_covered_display": "0", "missing_lines": 1, "excluded_lines": 0, "percent_statements_covered": 0.0, "percent_statements_covered_display": "0"}, "missing_lines": [48], "excluded_lines": [], "start_line": 46}, "ClaudeCodeAdapter.execute": {"executed_lines": [], "summary": {"covered_lines": 0, "num_statements": 1, "percent_covered": 0.0, "percent_covered_display": "0", "missing_lines": 1, "excluded_lines": 0, "percent_statements_covered": 0.0, "percent_statements_covered_display": "0"}, "missing_lines": [59], "excluded_lines": [], "start_line": 57}, "ClaudeCodeAdapter.is_available": {"executed_lines": [], "summary": {"covered_lines": 0, "num_statements": 1, "percent_covered": 0.0, "percent_covered_display": "0", "missing_lines": 1, "excluded_lines": 0, "percent_statements_covered": 0.0, "percent_statements_covered_display": "0"}, "missing_lines": [63], "excluded_lines": [], "start_line": 61}, "OpenClawAdapter.execute": {"executed_lines": [], "summary": {"covered_lines": 0, "num_statements": 1, "percent_covered": 0.0, "percent_covered_display": "0", "missing_lines": 1, "excluded_lines": 0, "percent_statements_covered": 0.0, "percent_statements_covered_display": "0"}, "missing_lines": [74], "excluded_lines": [], "start_line": 72}, "OpenClawAdapter.is_available": {"executed_lines": [], "summary": {"covered_lines": 0, "num_statements": 1, "percent_covered": 0.0, "percent_covered_display": "0", "missing_lines": 1, "excluded_lines": 0, "percent_statements_covered": 0.0, "percent_statements_covered_display": "0"}, "missing_lines": [78], "excluded_lines": [], "start_line": 76}, "": {"executed_lines": [13, 14, 15, 18, 19, 22, 23, 26, 27, 31, 32, 35, 38, 39, 41, 42, 46, 51, 54, 55, 57, 61, 66, 69, 70, 72, 76], "summary": {"covered_lines": 27, "num_statements": 27, "percent_covered": 100.0, "percent_covered_display": "100", "missing_lines": 0, "excluded_lines": 0, "percent_statements_covered": 100.0, "percent_statements_covered_display": "100"}, "missing_lines": [], "excluded_lines": [], "start_line": 1}}, "classes": {"AIRequest": {"executed_lines": [], "summary": {"covered_lines": 0, "num_statements": 0, "percent_covered": 100.0, "percent_covered_display": "100", "missing_lines": 0, "excluded_lines": 0, "percent_statements_covered": 100.0, "percent_statements_covered_display": "100"}, "missing_lines": [], "excluded_lines": [], "start_line": 19}, "AIResponse": {"executed_lines": [], "summary": {"covered_lines": 0, "num_statements": 0, "percent_covered": 100.0, "percent_covered_display": "100", "missing_lines": 0, "excluded_lines": 0, "percent_statements_covered": 100.0, "percent_statements_covered_display": "100"}, "missing_lines": [], "excluded_lines": [], "start_line": 27}, "AIAdapter": {"executed_lines": [], "summary": {"covered_lines": 0, "num_statements": 2, "percent_covered": 0.0, "percent_covered_display": "0", "missing_lines": 2, "excluded_lines": 0, "percent_statements_covered": 0.0, "percent_statements_covered_display": "0"}, "missing_lines": [44, 48], "excluded_lines": [], "start_line": 35}, "ClaudeCodeAdapter": {"executed_lines": [], "summary": {"covered_lines": 0, "num_statements": 2, "percent_covered": 0.0, "percent_covered_display": "0", "missing_lines": 2, "excluded_lines": 0, "percent_statements_covered": 0.0, "percent_statements_covered_display": "0"}, "missing_lines": [59, 63], "excluded_lines": [], "start_line": 51}, "OpenClawAdapter": {"executed_lines": [], "summary": {"covered_lines": 0, "num_statements": 2, "percent_covered": 0.0, "percent_covered_display": "0", "missing_lines": 2, "excluded_lines": 0, "percent_statements_covered": 0.0, "percent_statements_covered_display": "0"}, "missing_lines": [74, 78], "excluded_lines": [], "start_line": 66}, "": {"executed_lines": [13, 14, 15, 18, 19, 22, 23, 26, 27, 31, 32, 35, 38, 39, 41, 42, 46, 51, 54, 55, 57, 61, 66, 69, 70, 72, 76], "summary": {"covered_lines": 27, "num_statements": 27, "percent_covered": 100.0, "percent_covered_display": "100", "missing_lines": 0, "excluded_lines": 0, "percent_statements_covered": 100.0, "percent_statements_covered_display": "100"}, "missing_lines": [], "excluded_lines": [], "start_line": 1}}}, "src/helix/adapters/claude_code_adapter.py": {"executed_lines": [7, 8, 9, 10, 11, 12, 14, 17, 18, 20, 21, 22, 23, 24, 25, 28, 35, 36, 38, 39, 40, 41, 43, 45, 49, 50, 55, 56, 60, 63, 73, 74, 76, 78, 81, 88, 90, 91, 112, 114, 117, 120, 121, 124, 125, 127, 129, 147, 159, 163, 170, 171, 173, 174, 175, 176, 179, 186, 187, 189, 194, 201, 254, 258], "summary": {"covered_lines": 64, "num_statements": 102, "percent_covered": 62.745098039215684, "percent_covered_display": "63", "missing_lines": 38, "excluded_lines": 0, "percent_statements_covered": 62.745098039215684, "percent_statements_covered_display": "63"}, "missing_lines": [46, 57, 58, 61, 98, 99, 105, 106, 144, 145, 149, 161, 166, 190, 191, 192, 197, 198, 199, 203, 205, 206, 208, 214, 222, 223, 225, 226, 227, 232, 233, 234, 240, 241, 247, 248, 256, 260], "excluded_lines": [], "functions": {"ClaudeCodeAdapter.__init__": {"executed_lines": [39, 40, 41], "summary": {"covered_lines": 3, "num_statements": 3, "percent_covered": 100.0, "percent_covered_display": "100", "missing_lines": 0, "excluded_lines": 0, "percent_statements_covered": 100.0, "percent_statements_covered_display": "100"}, "missing_lines": [], "excluded_lines": [], "start_line": 38}, "ClaudeCodeAdapter.initialize": {"executed_lines": [45, 49, 50, 55, 56, 60], "summary": {"covered_lines": 6, "num_statements": 10, "percent_covered": 60.0, "percent_covered_display": "60", "missing_lines": 4, "excluded_lines": 0, "percent_statements_covered": 60.0, "percent_statements_covered_display": "60"}, "missing_lines": [46, 57, 58, 61], "excluded_lines": [], "start_line": 43}, "ClaudeCodeAdapter.execute": {"executed_lines": [73, 74, 76, 78, 81, 88, 90, 91], "summary": {"covered_lines": 8, "num_statements": 12, "percent_covered": 66.66666666666667, "percent_covered_display": "67", "missing_lines": 4, "excluded_lines": 0, "percent_statements_covered": 66.66666666666667, "percent_statements_covered_display": "67"}, "missing_lines": [98, 99, 105, 106], "excluded_lines": [], "start_line": 63}, "ClaudeCodeAdapter._build_command": {"executed_lines": [114, 117, 120, 121, 124, 125, 127], "summary": {"covered_lines": 7, "num_statements": 7, "percent_covered": 100.0, "percent_covered_display": "100", "missing_lines": 0, "excluded_lines": 0, "percent_statements_covered": 100.0, "percent_statements_covered_display": "100"}, "missing_lines": [], "excluded_lines": [], "start_line": 112}, "ClaudeCodeAdapter.execute_with_tools": {"executed_lines": [], "summary": {"covered_lines": 0, "num_statements": 2, "percent_covered": 0.0, "percent_covered_display": "0", "missing_lines": 2, "excluded_lines": 0, "percent_statements_covered": 0.0, "percent_statements_covered_display": "0"}, "missing_lines": [144, 145], "excluded_lines": [], "start_line": 129}, "ClaudeCodeAdapter.get_available_tools": {"executed_lines": [], "summary": {"covered_lines": 0, "num_statements": 1, "percent_covered": 0.0, "percent_covered_display": "0", "missing_lines": 1, "excluded_lines": 0, "percent_statements_covered": 0.0, "percent_statements_covered_display": "0"}, "missing_lines": [149], "excluded_lines": [], "start_line": 147}, "ClaudeCodeAdapter.supports_streaming": {"executed_lines": [], "summary": {"covered_lines": 0, "num_statements": 1, "percent_covered": 0.0, "percent_covered_display": "0", "missing_lines": 1, "excluded_lines": 0, "percent_statements_covered": 0.0, "percent_statements_covered_display": "0"}, "missing_lines": [161], "excluded_lines": [], "start_line": 159}, "ClaudeCodeAdapter.get_context_limit": {"executed_lines": [], "summary": {"covered_lines": 0, "num_statements": 1, "percent_covered": 0.0, "percent_covered_display": "0", "missing_lines": 1, "excluded_lines": 0, "percent_statements_covered": 0.0, "percent_statements_covered_display": "0"}, "missing_lines": [166], "excluded_lines": [], "start_line": 163}, "AnthropicAdapter.__init__": {"executed_lines": [], "summary": {"covered_lines": 0, "num_statements": 3, "percent_covered": 0.0, "percent_covered_display": "0", "missing_lines": 3, "excluded_lines": 0, "percent_statements_covered": 0.0, "percent_statements_covered_display": "0"}, "missing_lines": [190, 191, 192], "excluded_lines": [], "start_line": 189}, "AnthropicAdapter.initialize": {"executed_lines": [], "summary": {"covered_lines": 0, "num_statements": 3, "percent_covered": 0.0, "percent_covered_display": "0", "missing_lines": 3, "excluded_lines": 0, "percent_statements_covered": 0.0, "percent_statements_covered_display": "0"}, "missing_lines": [197, 198, 199], "excluded_lines": [], "start_line": 194}, "AnthropicAdapter.execute": {"executed_lines": [], "summary": {"covered_lines": 0, "num_statements": 17, "percent_covered": 0.0, "percent_covered_display": "0", "missing_lines": 17, "excluded_lines": 0, "percent_statements_covered": 0.0, "percent_statements_covered_display": "0"}, "missing_lines": [203, 205, 206, 208, 214, 222, 223, 225, 226, 227, 232, 233, 234, 240, 241, 247, 248], "excluded_lines": [], "start_line": 201}, "AnthropicAdapter.get_context_limit": {"executed_lines": [], "summary": {"covered_lines": 0, "num_statements": 1, "percent_covered": 0.0, "percent_covered_display": "0", "missing_lines": 1, "excluded_lines": 0, "percent_statements_covered": 0.0, "percent_statements_covered_display": "0"}, "missing_lines": [256], "excluded_lines": [], "start_line": 254}, "AnthropicAdapter.supports_streaming": {"executed_lines": [], "summary": {"covered_lines": 0, "num_statements": 1, "percent_covered": 0.0, "percent_covered_display": "0", "missing_lines": 1, "excluded_lines": 0, "percent_statements_covered": 0.0, "percent_statements_covered_display": "0"}, "missing_lines": [260], "excluded_lines": [], "start_line": 258}, "": {"executed_lines": [7, 8, 9, 10, 11, 12, 14, 17, 18, 20, 21, 22, 23, 24, 25, 28, 35, 36, 38, 43, 63, 112, 129, 147, 159, 163, 170, 171, 173, 174, 175, 176, 179, 186, 187, 189, 194, 201, 254, 258], "summary": {"covered_lines": 40, "num_statements": 40, "percent_covered": 100.0, "percent_covered_display": "100", "missing_lines": 0, "excluded_lines": 0, "percent_statements_covered": 100.0, "percent_statements_covered_display": "100"}, "missing_lines": [], "excluded_lines": [], "start_line": 1}}, "classes": {"ClaudeCodeConfig": {"executed_lines": [], "summary": {"covered_lines": 0, "num_statements": 0, "percent_covered": 100.0, "percent_covered_display": "100", "missing_lines": 0, "excluded_lines": 0, "percent_statements_covered": 100.0, "percent_statements_covered_display": "100"}, "missing_lines": [], "excluded_lines": [], "start_line": 18}, "ClaudeCodeAdapter": {"executed_lines": [39, 40, 41, 45, 49, 50, 55, 56, 60, 73, 74, 76, 78, 81, 88, 90, 91, 114, 117, 120, 121, 124, 125, 127], "summary": {"covered_lines": 24, "num_statements": 37, "percent_covered": 64.86486486486487, "percent_covered_display": "65", "missing_lines": 13, "excluded_lines": 0, "percent_statements_covered": 64.86486486486487, "percent_statements_covered_display": "65"}, "missing_lines": [46, 57, 58, 61, 98, 99, 105, 106, 144, 145, 149, 161, 166], "excluded_lines": [], "start_line": 28}, "AnthropicConfig": {"executed_lines": [], "summary": {"covered_lines": 0, "num_statements": 0, "percent_covered": 100.0, "percent_covered_display": "100", "missing_lines": 0, "excluded_lines": 0, "percent_statements_covered": 100.0, "percent_statements_covered_display": "100"}, "missing_lines": [], "excluded_lines": [], "start_line": 171}, "AnthropicAdapter": {"executed_lines": [], "summary": {"covered_lines": 0, "num_statements": 25, "percent_covered": 0.0, "percent_covered_display": "0", "missing_lines": 25, "excluded_lines": 0, "percent_statements_covered": 0.0, "percent_statements_covered_display": "0"}, "missing_lines": [190, 191, 192, 197, 198, 199, 203, 205, 206, 208, 214, 222, 223, 225, 226, 227, 232, 233, 234, 240, 241, 247, 248, 256, 260], "excluded_lines": [], "start_line": 179}, "": {"executed_lines": [7, 8, 9, 10, 11, 12, 14, 17, 18, 20, 21, 22, 23, 24, 25, 28, 35, 36, 38, 43, 63, 112, 129, 147, 159, 163, 170, 171, 173, 174, 175, 176, 179, 186, 187, 189, 194, 201, 254, 258], "summary": {"covered_lines": 40, "num_statements": 40, "percent_covered": 100.0, "percent_covered_display": "100", "missing_lines": 0, "excluded_lines": 0, "percent_statements_covered": 100.0, "percent_statements_covered_display": "100"}, "missing_lines": [], "excluded_lines": [], "start_line": 1}}}, "src/helix/adapters/llm.py": {"executed_lines": [7, 8, 9, 11, 14, 17, 18, 20, 22, 27, 28, 30, 32, 34, 36, 38, 39, 45, 46, 98, 99, 112, 115, 116, 118, 119, 120, 121, 123, 124, 126, 127, 128, 194, 198, 199, 200, 203, 204, 205, 208], "summary": {"covered_lines": 41, "num_statements": 75, "percent_covered": 54.666666666666664, "percent_covered_display": "55", "missing_lines": 34, "excluded_lines": 0, "percent_statements_covered": 54.666666666666664, "percent_statements_covered_display": "55"}, "missing_lines": [48, 50, 56, 64, 65, 68, 69, 71, 72, 78, 79, 80, 82, 91, 92, 104, 105, 134, 135, 137, 139, 144, 152, 153, 159, 160, 161, 163, 172, 173, 179, 180, 185, 186], "excluded_lines": [], "functions": {"AnthropicAdapter.__init__": {"executed_lines": [22, 27, 28, 30], "summary": {"covered_lines": 4, "num_statements": 4, "percent_covered": 100.0, "percent_covered_display": "100", "missing_lines": 0, "excluded_lines": 0, "percent_statements_covered": 100.0, "percent_statements_covered_display": "100"}, "missing_lines": [], "excluded_lines": [], "start_line": 20}, "AnthropicAdapter.is_available": {"executed_lines": [34], "summary": {"covered_lines": 1, "num_statements": 1, "percent_covered": 100.0, "percent_covered_display": "100", "missing_lines": 0, "excluded_lines": 0, "percent_statements_covered": 100.0, "percent_statements_covered_display": "100"}, "missing_lines": [], "excluded_lines": [], "start_line": 32}, "AnthropicAdapter.execute": {"executed_lines": [38, 39, 45, 46, 98, 99], "summary": {"covered_lines": 6, "num_statements": 23, "percent_covered": 26.08695652173913, "percent_covered_display": "26", "missing_lines": 17, "excluded_lines": 0, "percent_statements_covered": 26.08695652173913, "percent_statements_covered_display": "26"}, "missing_lines": [48, 50, 56, 64, 65, 68, 69, 71, 72, 78, 79, 80, 82, 91, 92, 104, 105], "excluded_lines": [], "start_line": 36}, "OpenAIAdapter.__init__": {"executed_lines": [119, 120, 121], "summary": {"covered_lines": 3, "num_statements": 3, "percent_covered": 100.0, "percent_covered_display": "100", "missing_lines": 0, "excluded_lines": 0, "percent_statements_covered": 100.0, "percent_statements_covered_display": "100"}, "missing_lines": [], "excluded_lines": [], "start_line": 118}, "OpenAIAdapter.is_available": {"executed_lines": [124], "summary": {"covered_lines": 1, "num_statements": 1, "percent_covered": 100.0, "percent_covered_display": "100", "missing_lines": 0, "excluded_lines": 0, "percent_statements_covered": 100.0, "percent_statements_covered_display": "100"}, "missing_lines": [], "excluded_lines": [], "start_line": 123}, "OpenAIAdapter.execute": {"executed_lines": [127, 128], "summary": {"covered_lines": 2, "num_statements": 19, "percent_covered": 10.526315789473685, "percent_covered_display": "11", "missing_lines": 17, "excluded_lines": 0, "percent_statements_covered": 10.526315789473685, "percent_statements_covered_display": "11"}, "missing_lines": [134, 135, 137, 139, 144, 152, 153, 159, 160, 161, 163, 172, 173, 179, 180, 185, 186], "excluded_lines": [], "start_line": 126}, "get_llm_adapter": {"executed_lines": [198, 199, 200, 203, 204, 205, 208], "summary": {"covered_lines": 7, "num_statements": 7, "percent_covered": 100.0, "percent_covered_display": "100", "missing_lines": 0, "excluded_lines": 0, "percent_statements_covered": 100.0, "percent_statements_covered_display": "100"}, "missing_lines": [], "excluded_lines": [], "start_line": 194}, "": {"executed_lines": [7, 8, 9, 11, 14, 17, 18, 20, 32, 36, 112, 115, 116, 118, 123, 126, 194], "summary": {"covered_lines": 17, "num_statements": 17, "percent_covered": 100.0, "percent_covered_display": "100", "missing_lines": 0, "excluded_lines": 0, "percent_statements_covered": 100.0, "percent_statements_covered_display": "100"}, "missing_lines": [], "excluded_lines": [], "start_line": 1}}, "classes": {"AnthropicAdapter": {"executed_lines": [22, 27, 28, 30, 34, 38, 39, 45, 46, 98, 99], "summary": {"covered_lines": 11, "num_statements": 28, "percent_covered": 39.285714285714285, "percent_covered_display": "39", "missing_lines": 17, "excluded_lines": 0, "percent_statements_covered": 39.285714285714285, "percent_statements_covered_display": "39"}, "missing_lines": [48, 50, 56, 64, 65, 68, 69, 71, 72, 78, 79, 80, 82, 91, 92, 104, 105], "excluded_lines": [], "start_line": 14}, "OpenAIAdapter": {"executed_lines": [119, 120, 121, 124, 127, 128], "summary": {"covered_lines": 6, "num_statements": 23, "percent_covered": 26.08695652173913, "percent_covered_display": "26", "missing_lines": 17, "excluded_lines": 0, "percent_statements_covered": 26.08695652173913, "percent_statements_covered_display": "26"}, "missing_lines": [134, 135, 137, 139, 144, 152, 153, 159, 160, 161, 163, 172, 173, 179, 180, 185, 186], "excluded_lines": [], "start_line": 112}, "": {"executed_lines": [7, 8, 9, 11, 14, 17, 18, 20, 32, 36, 112, 115, 116, 118, 123, 126, 194, 198, 199, 200, 203, 204, 205, 208], "summary": {"covered_lines": 24, "num_statements": 24, "percent_covered": 100.0, "percent_covered_display": "100", "missing_lines": 0, "excluded_lines": 0, "percent_statements_covered": 100.0, "percent_statements_covered_display": "100"}, "missing_lines": [], "excluded_lines": [], "start_line": 1}}}, "src/helix/adapters/openclaw_adapter.py": {"executed_lines": [7, 8, 9, 10, 11, 12, 14, 17, 18, 20, 21, 22, 23, 24, 25, 28, 35, 36, 38, 39, 40, 41, 43, 45, 49, 50, 55, 56, 60, 61, 63, 73, 74, 76, 78, 81, 88, 90, 91, 112, 114, 117, 118, 121, 122, 125, 126, 128, 130, 141, 142, 143, 145, 147, 159, 161, 163, 166, 170, 171, 175, 176, 179, 186, 187, 188, 190, 192, 195, 196, 197, 199, 201, 203, 206, 207, 208, 209, 215, 217, 219, 220, 222, 223, 225, 227, 228, 229, 231, 236, 238, 240], "summary": {"covered_lines": 92, "num_statements": 100, "percent_covered": 92.0, "percent_covered_display": "92", "missing_lines": 8, "excluded_lines": 0, "percent_statements_covered": 92.0, "percent_statements_covered_display": "92"}, "missing_lines": [46, 57, 58, 98, 99, 105, 106, 204], "excluded_lines": [], "functions": {"OpenClawAdapter.__init__": {"executed_lines": [39, 40, 41], "summary": {"covered_lines": 3, "num_statements": 3, "percent_covered": 100.0, "percent_covered_display": "100", "missing_lines": 0, "excluded_lines": 0, "percent_statements_covered": 100.0, "percent_statements_covered_display": "100"}, "missing_lines": [], "excluded_lines": [], "start_line": 38}, "OpenClawAdapter.initialize": {"executed_lines": [45, 49, 50, 55, 56, 60, 61], "summary": {"covered_lines": 7, "num_statements": 10, "percent_covered": 70.0, "percent_covered_display": "70", "missing_lines": 3, "excluded_lines": 0, "percent_statements_covered": 70.0, "percent_statements_covered_display": "70"}, "missing_lines": [46, 57, 58], "excluded_lines": [], "start_line": 43}, "OpenClawAdapter.execute": {"executed_lines": [73, 74, 76, 78, 81, 88, 90, 91], "summary": {"covered_lines": 8, "num_statements": 12, "percent_covered": 66.66666666666667, "percent_covered_display": "67", "missing_lines": 4, "excluded_lines": 0, "percent_statements_covered": 66.66666666666667, "percent_statements_covered_display": "67"}, "missing_lines": [98, 99, 105, 106], "excluded_lines": [], "start_line": 63}, "OpenClawAdapter._build_command": {"executed_lines": [114, 117, 118, 121, 122, 125, 126, 128], "summary": {"covered_lines": 8, "num_statements": 8, "percent_covered": 100.0, "percent_covered_display": "100", "missing_lines": 0, "excluded_lines": 0, "percent_statements_covered": 100.0, "percent_statements_covered_display": "100"}, "missing_lines": [], "excluded_lines": [], "start_line": 112}, "OpenClawAdapter.execute_task": {"executed_lines": [141, 142, 143], "summary": {"covered_lines": 3, "num_statements": 3, "percent_covered": 100.0, "percent_covered_display": "100", "missing_lines": 0, "excluded_lines": 0, "percent_statements_covered": 100.0, "percent_statements_covered_display": "100"}, "missing_lines": [], "excluded_lines": [], "start_line": 130}, "OpenClawAdapter.get_available_actions": {"executed_lines": [147], "summary": {"covered_lines": 1, "num_statements": 1, "percent_covered": 100.0, "percent_covered_display": "100", "missing_lines": 0, "excluded_lines": 0, "percent_statements_covered": 100.0, "percent_statements_covered_display": "100"}, "missing_lines": [], "excluded_lines": [], "start_line": 145}, "OpenClawAdapter.supports_streaming": {"executed_lines": [161], "summary": {"covered_lines": 1, "num_statements": 1, "percent_covered": 100.0, "percent_covered_display": "100", "missing_lines": 0, "excluded_lines": 0, "percent_statements_covered": 100.0, "percent_statements_covered_display": "100"}, "missing_lines": [], "excluded_lines": [], "start_line": 159}, "OpenClawAdapter.get_context_limit": {"executed_lines": [166], "summary": {"covered_lines": 1, "num_statements": 1, "percent_covered": 100.0, "percent_covered_display": "100", "missing_lines": 0, "excluded_lines": 0, "percent_statements_covered": 100.0, "percent_statements_covered_display": "100"}, "missing_lines": [], "excluded_lines": [], "start_line": 163}, "OpenClawWorkspace.__init__": {"executed_lines": [187, 188], "summary": {"covered_lines": 2, "num_statements": 2, "percent_covered": 100.0, "percent_covered_display": "100", "missing_lines": 0, "excluded_lines": 0, "percent_statements_covered": 100.0, "percent_statements_covered_display": "100"}, "missing_lines": [], "excluded_lines": [], "start_line": 186}, "OpenClawWorkspace.initialize": {"executed_lines": [192, 195, 196, 197], "summary": {"covered_lines": 4, "num_statements": 4, "percent_covered": 100.0, "percent_covered_display": "100", "missing_lines": 0, "excluded_lines": 0, "percent_statements_covered": 100.0, "percent_statements_covered_display": "100"}, "missing_lines": [], "excluded_lines": [], "start_line": 190}, "OpenClawWorkspace.get_workspaces": {"executed_lines": [201, 203, 206, 207, 208, 209, 215], "summary": {"covered_lines": 7, "num_statements": 8, "percent_covered": 87.5, "percent_covered_display": "88", "missing_lines": 1, "excluded_lines": 0, "percent_statements_covered": 87.5, "percent_statements_covered_display": "88"}, "missing_lines": [204], "excluded_lines": [], "start_line": 199}, "OpenClawWorkspace.create_workspace": {"executed_lines": [219, 220, 222, 223], "summary": {"covered_lines": 4, "num_statements": 4, "percent_covered": 100.0, "percent_covered_display": "100", "missing_lines": 0, "excluded_lines": 0, "percent_statements_covered": 100.0, "percent_statements_covered_display": "100"}, "missing_lines": [], "excluded_lines": [], "start_line": 217}, "OpenClawWorkspace.switch_workspace": {"executed_lines": [227, 228, 229, 231, 236], "summary": {"covered_lines": 5, "num_statements": 5, "percent_covered": 100.0, "percent_covered_display": "100", "missing_lines": 0, "excluded_lines": 0, "percent_statements_covered": 100.0, "percent_statements_covered_display": "100"}, "missing_lines": [], "excluded_lines": [], "start_line": 225}, "OpenClawWorkspace.get_current_workspace": {"executed_lines": [240], "summary": {"covered_lines": 1, "num_statements": 1, "percent_covered": 100.0, "percent_covered_display": "100", "missing_lines": 0, "excluded_lines": 0, "percent_statements_covered": 100.0, "percent_statements_covered_display": "100"}, "missing_lines": [], "excluded_lines": [], "start_line": 238}, "": {"executed_lines": [7, 8, 9, 10, 11, 12, 14, 17, 18, 20, 21, 22, 23, 24, 25, 28, 35, 36, 38, 43, 63, 112, 130, 145, 159, 163, 170, 171, 175, 176, 179, 186, 190, 199, 217, 225, 238], "summary": {"covered_lines": 37, "num_statements": 37, "percent_covered": 100.0, "percent_covered_display": "100", "missing_lines": 0, "excluded_lines": 0, "percent_statements_covered": 100.0, "percent_statements_covered_display": "100"}, "missing_lines": [], "excluded_lines": [], "start_line": 1}}, "classes": {"OpenClawConfig": {"executed_lines": [], "summary": {"covered_lines": 0, "num_statements": 0, "percent_covered": 100.0, "percent_covered_display": "100", "missing_lines": 0, "excluded_lines": 0, "percent_statements_covered": 100.0, "percent_statements_covered_display": "100"}, "missing_lines": [], "excluded_lines": [], "start_line": 18}, "OpenClawAdapter": {"executed_lines": [39, 40, 41, 45, 49, 50, 55, 56, 60, 61, 73, 74, 76, 78, 81, 88, 90, 91, 114, 117, 118, 121, 122, 125, 126, 128, 141, 142, 143, 147, 161, 166], "summary": {"covered_lines": 32, "num_statements": 39, "percent_covered": 82.05128205128206, "percent_covered_display": "82", "missing_lines": 7, "excluded_lines": 0, "percent_statements_covered": 82.05128205128206, "percent_statements_covered_display": "82"}, "missing_lines": [46, 57, 58, 98, 99, 105, 106], "excluded_lines": [], "start_line": 28}, "WorkspaceInfo": {"executed_lines": [], "summary": {"covered_lines": 0, "num_statements": 0, "percent_covered": 100.0, "percent_covered_display": "100", "missing_lines": 0, "excluded_lines": 0, "percent_statements_covered": 100.0, "percent_statements_covered_display": "100"}, "missing_lines": [], "excluded_lines": [], "start_line": 171}, "OpenClawWorkspace": {"executed_lines": [187, 188, 192, 195, 196, 197, 201, 203, 206, 207, 208, 209, 215, 219, 220, 222, 223, 227, 228, 229, 231, 236, 240], "summary": {"covered_lines": 23, "num_statements": 24, "percent_covered": 95.83333333333333, "percent_covered_display": "96", "missing_lines": 1, "excluded_lines": 0, "percent_statements_covered": 95.83333333333333, "percent_statements_covered_display": "96"}, "missing_lines": [204], "excluded_lines": [], "start_line": 179}, "": {"executed_lines": [7, 8, 9, 10, 11, 12, 14, 17, 18, 20, 21, 22, 23, 24, 25, 28, 35, 36, 38, 43, 63, 112, 130, 145, 159, 163, 170, 171, 175, 176, 179, 186, 190, 199, 217, 225, 238], "summary": {"covered_lines": 37, "num_statements": 37, "percent_covered": 100.0, "percent_covered_display": "100", "missing_lines": 0, "excluded_lines": 0, "percent_statements_covered": 100.0, "percent_statements_covered_display": "100"}, "missing_lines": [], "excluded_lines": [], "start_line": 1}}}, "src/helix/api/__init__.py": {"executed_lines": [11, 13], "summary": {"covered_lines": 2, "num_statements": 2, "percent_covered": 100.0, "percent_covered_display": "100", "missing_lines": 0, "excluded_lines": 0, "percent_statements_covered": 100.0, "percent_statements_covered_display": "100"}, "missing_lines": [], "excluded_lines": [], "functions": {"": {"executed_lines": [11, 13], "summary": {"covered_lines": 2, "num_statements": 2, "percent_covered": 100.0, "percent_covered_display": "100", "missing_lines": 0, "excluded_lines": 0, "percent_statements_covered": 100.0, "percent_statements_covered_display": "100"}, "missing_lines": [], "excluded_lines": [], "start_line": 1}}, "classes": {"": {"executed_lines": [11, 13], "summary": {"covered_lines": 2, "num_statements": 2, "percent_covered": 100.0, "percent_covered_display": "100", "missing_lines": 0, "excluded_lines": 0, "percent_statements_covered": 100.0, "percent_statements_covered_display": "100"}, "missing_lines": [], "excluded_lines": [], "start_line": 1}}}, "src/helix/api/server.py": {"executed_lines": [11, 12, 13, 14, 16, 17, 18, 23, 26, 27, 30, 34, 35, 36, 39, 48, 58, 64, 65, 74, 82, 92, 93, 95, 96, 98, 99, 101, 112, 113, 115, 116, 119, 135, 136, 143, 151, 152, 153, 171, 172, 178, 179, 181, 187, 202, 207, 212, 217, 220, 221, 223, 225, 226, 228, 241, 242, 244, 246, 247, 252, 253, 255, 264, 270, 271, 289, 298, 307, 316, 324, 333, 339], "summary": {"covered_lines": 73, "num_statements": 94, "percent_covered": 77.65957446808511, "percent_covered_display": "78", "missing_lines": 21, "excluded_lines": 0, "percent_statements_covered": 77.65957446808511, "percent_statements_covered_display": "78"}, "missing_lines": [67, 68, 69, 137, 155, 156, 161, 163, 274, 282, 283, 284, 286, 291, 300, 309, 318, 326, 335, 336, 340], "excluded_lines": [], "functions": {"lifespan": {"executed_lines": [], "summary": {"covered_lines": 0, "num_statements": 3, "percent_covered": 0.0, "percent_covered_display": "0", "missing_lines": 3, "excluded_lines": 0, "percent_statements_covered": 0.0, "percent_statements_covered_display": "0"}, "missing_lines": [67, 68, 69], "excluded_lines": [], "start_line": 65}, "health_check": {"executed_lines": [95, 96, 98, 99, 101], "summary": {"covered_lines": 5, "num_statements": 5, "percent_covered": 100.0, "percent_covered_display": "100", "missing_lines": 0, "excluded_lines": 0, "percent_statements_covered": 100.0, "percent_statements_covered_display": "100"}, "missing_lines": [], "excluded_lines": [], "start_line": 93}, "execute_skill": {"executed_lines": [115, 116, 119, 135, 136, 143, 151, 152, 153, 171, 172], "summary": {"covered_lines": 11, "num_statements": 16, "percent_covered": 68.75, "percent_covered_display": "69", "missing_lines": 5, "excluded_lines": 0, "percent_statements_covered": 68.75, "percent_statements_covered_display": "69"}, "missing_lines": [137, 155, 156, 161, 163], "excluded_lines": [], "start_line": 113}, "list_skills": {"executed_lines": [181, 187, 202], "summary": {"covered_lines": 3, "num_statements": 3, "percent_covered": 100.0, "percent_covered_display": "100", "missing_lines": 0, "excluded_lines": 0, "percent_statements_covered": 100.0, "percent_statements_covered_display": "100"}, "missing_lines": [], "excluded_lines": [], "start_line": 179}, "recognize_intent": {"executed_lines": [223, 225, 226, 228], "summary": {"covered_lines": 4, "num_statements": 4, "percent_covered": 100.0, "percent_covered_display": "100", "missing_lines": 0, "excluded_lines": 0, "percent_statements_covered": 100.0, "percent_statements_covered_display": "100"}, "missing_lines": [], "excluded_lines": [], "start_line": 221}, "list_engines": {"executed_lines": [244, 246, 247], "summary": {"covered_lines": 3, "num_statements": 3, "percent_covered": 100.0, "percent_covered_display": "100", "missing_lines": 0, "excluded_lines": 0, "percent_statements_covered": 100.0, "percent_statements_covered_display": "100"}, "missing_lines": [], "excluded_lines": [], "start_line": 242}, "list_plugins": {"executed_lines": [255], "summary": {"covered_lines": 1, "num_statements": 1, "percent_covered": 100.0, "percent_covered_display": "100", "missing_lines": 0, "excluded_lines": 0, "percent_statements_covered": 100.0, "percent_statements_covered_display": "100"}, "missing_lines": [], "excluded_lines": [], "start_line": 253}, "trigger_webhook": {"executed_lines": [], "summary": {"covered_lines": 0, "num_statements": 5, "percent_covered": 0.0, "percent_covered_display": "0", "missing_lines": 5, "excluded_lines": 0, "percent_statements_covered": 0.0, "percent_statements_covered_display": "0"}, "missing_lines": [274, 282, 283, 284, 286], "excluded_lines": [], "start_line": 271}, "_handle_git_push": {"executed_lines": [], "summary": {"covered_lines": 0, "num_statements": 1, "percent_covered": 0.0, "percent_covered_display": "0", "missing_lines": 1, "excluded_lines": 0, "percent_statements_covered": 0.0, "percent_statements_covered_display": "0"}, "missing_lines": [291], "excluded_lines": [], "start_line": 289}, "_handle_pull_request": {"executed_lines": [], "summary": {"covered_lines": 0, "num_statements": 1, "percent_covered": 0.0, "percent_covered_display": "0", "missing_lines": 1, "excluded_lines": 0, "percent_statements_covered": 0.0, "percent_statements_covered_display": "0"}, "missing_lines": [300], "excluded_lines": [], "start_line": 298}, "_handle_ci_completed": {"executed_lines": [], "summary": {"covered_lines": 0, "num_statements": 1, "percent_covered": 0.0, "percent_covered_display": "0", "missing_lines": 1, "excluded_lines": 0, "percent_statements_covered": 0.0, "percent_statements_covered_display": "0"}, "missing_lines": [309], "excluded_lines": [], "start_line": 307}, "_handle_deployment_started": {"executed_lines": [], "summary": {"covered_lines": 0, "num_statements": 1, "percent_covered": 0.0, "percent_covered_display": "0", "missing_lines": 1, "excluded_lines": 0, "percent_statements_covered": 0.0, "percent_statements_covered_display": "0"}, "missing_lines": [318], "excluded_lines": [], "start_line": 316}, "_handle_deployment_completed": {"executed_lines": [], "summary": {"covered_lines": 0, "num_statements": 1, "percent_covered": 0.0, "percent_covered_display": "0", "missing_lines": 1, "excluded_lines": 0, "percent_statements_covered": 0.0, "percent_statements_covered_display": "0"}, "missing_lines": [326], "excluded_lines": [], "start_line": 324}, "run_server": {"executed_lines": [], "summary": {"covered_lines": 0, "num_statements": 2, "percent_covered": 0.0, "percent_covered_display": "0", "missing_lines": 2, "excluded_lines": 0, "percent_statements_covered": 0.0, "percent_statements_covered_display": "0"}, "missing_lines": [335, 336], "excluded_lines": [], "start_line": 333}, "": {"executed_lines": [11, 12, 13, 14, 16, 17, 18, 23, 26, 27, 30, 34, 35, 36, 39, 48, 58, 64, 65, 74, 82, 92, 93, 112, 113, 178, 179, 207, 212, 217, 220, 221, 241, 242, 252, 253, 264, 270, 271, 289, 298, 307, 316, 324, 333, 339], "summary": {"covered_lines": 46, "num_statements": 47, "percent_covered": 97.87234042553192, "percent_covered_display": "98", "missing_lines": 1, "excluded_lines": 0, "percent_statements_covered": 97.87234042553192, "percent_statements_covered_display": "98"}, "missing_lines": [340], "excluded_lines": [], "start_line": 1}}, "classes": {"SkillRequest": {"executed_lines": [], "summary": {"covered_lines": 0, "num_statements": 0, "percent_covered": 100.0, "percent_covered_display": "100", "missing_lines": 0, "excluded_lines": 0, "percent_statements_covered": 100.0, "percent_statements_covered_display": "100"}, "missing_lines": [], "excluded_lines": [], "start_line": 23}, "SkillResponse": {"executed_lines": [], "summary": {"covered_lines": 0, "num_statements": 0, "percent_covered": 100.0, "percent_covered_display": "100", "missing_lines": 0, "excluded_lines": 0, "percent_statements_covered": 100.0, "percent_statements_covered_display": "100"}, "missing_lines": [], "excluded_lines": [], "start_line": 30}, "PluginInfo": {"executed_lines": [], "summary": {"covered_lines": 0, "num_statements": 0, "percent_covered": 100.0, "percent_covered_display": "100", "missing_lines": 0, "excluded_lines": 0, "percent_statements_covered": 100.0, "percent_statements_covered_display": "100"}, "missing_lines": [], "excluded_lines": [], "start_line": 39}, "HealthResponse": {"executed_lines": [], "summary": {"covered_lines": 0, "num_statements": 0, "percent_covered": 100.0, "percent_covered_display": "100", "missing_lines": 0, "excluded_lines": 0, "percent_statements_covered": 100.0, "percent_statements_covered_display": "100"}, "missing_lines": [], "excluded_lines": [], "start_line": 48}, "IntentRequest": {"executed_lines": [], "summary": {"covered_lines": 0, "num_statements": 0, "percent_covered": 100.0, "percent_covered_display": "100", "missing_lines": 0, "excluded_lines": 0, "percent_statements_covered": 100.0, "percent_statements_covered_display": "100"}, "missing_lines": [], "excluded_lines": [], "start_line": 207}, "IntentResponse": {"executed_lines": [], "summary": {"covered_lines": 0, "num_statements": 0, "percent_covered": 100.0, "percent_covered_display": "100", "missing_lines": 0, "excluded_lines": 0, "percent_statements_covered": 100.0, "percent_statements_covered_display": "100"}, "missing_lines": [], "excluded_lines": [], "start_line": 212}, "WebhookRequest": {"executed_lines": [], "summary": {"covered_lines": 0, "num_statements": 0, "percent_covered": 100.0, "percent_covered_display": "100", "missing_lines": 0, "excluded_lines": 0, "percent_statements_covered": 100.0, "percent_statements_covered_display": "100"}, "missing_lines": [], "excluded_lines": [], "start_line": 264}, "": {"executed_lines": [11, 12, 13, 14, 16, 17, 18, 23, 26, 27, 30, 34, 35, 36, 39, 48, 58, 64, 65, 74, 82, 92, 93, 95, 96, 98, 99, 101, 112, 113, 115, 116, 119, 135, 136, 143, 151, 152, 153, 171, 172, 178, 179, 181, 187, 202, 207, 212, 217, 220, 221, 223, 225, 226, 228, 241, 242, 244, 246, 247, 252, 253, 255, 264, 270, 271, 289, 298, 307, 316, 324, 333, 339], "summary": {"covered_lines": 73, "num_statements": 94, "percent_covered": 77.65957446808511, "percent_covered_display": "78", "missing_lines": 21, "excluded_lines": 0, "percent_statements_covered": 77.65957446808511, "percent_statements_covered_display": "78"}, "missing_lines": [67, 68, 69, 137, 155, 156, 161, 163, 274, 282, 283, 284, 286, 291, 300, 309, 318, 326, 335, 336, 340], "excluded_lines": [], "start_line": 1}}}, "src/helix/ci/__init__.py": {"executed_lines": [10, 11, 12, 13, 16, 17, 24, 31, 37, 38, 40, 41, 43, 57, 60, 66, 67, 68, 70, 74, 75, 77, 78, 82, 91, 94, 105, 116, 147, 149, 156, 158, 165], "summary": {"covered_lines": 33, "num_statements": 56, "percent_covered": 58.92857142857143, "percent_covered_display": "59", "missing_lines": 23, "excluded_lines": 0, "percent_statements_covered": 58.92857142857143, "percent_statements_covered_display": "59"}, "missing_lines": [96, 98, 99, 100, 102, 107, 109, 110, 112, 123, 128, 129, 130, 131, 132, 134, 135, 136, 137, 138, 140, 141, 143], "excluded_lines": [], "functions": {"generate_github_actions_workflow": {"executed_lines": [31, 37, 38, 40, 41, 43, 57], "summary": {"covered_lines": 7, "num_statements": 7, "percent_covered": 100.0, "percent_covered_display": "100", "missing_lines": 0, "excluded_lines": 0, "percent_statements_covered": 100.0, "percent_statements_covered_display": "100"}, "missing_lines": [], "excluded_lines": [], "start_line": 24}, "generate_gitlab_ci_workflow": {"executed_lines": [66, 67, 68, 70, 74, 75, 77, 78, 82, 91], "summary": {"covered_lines": 10, "num_statements": 10, "percent_covered": 100.0, "percent_covered_display": "100", "missing_lines": 0, "excluded_lines": 0, "percent_statements_covered": 100.0, "percent_statements_covered_display": "100"}, "missing_lines": [], "excluded_lines": [], "start_line": 60}, "create_github_actions_file": {"executed_lines": [], "summary": {"covered_lines": 0, "num_statements": 5, "percent_covered": 0.0, "percent_covered_display": "0", "missing_lines": 5, "excluded_lines": 0, "percent_statements_covered": 0.0, "percent_statements_covered_display": "0"}, "missing_lines": [96, 98, 99, 100, 102], "excluded_lines": [], "start_line": 94}, "create_gitlab_ci_file": {"executed_lines": [], "summary": {"covered_lines": 0, "num_statements": 4, "percent_covered": 0.0, "percent_covered_display": "0", "missing_lines": 4, "excluded_lines": 0, "percent_statements_covered": 0.0, "percent_statements_covered_display": "0"}, "missing_lines": [107, 109, 110, 112], "excluded_lines": [], "start_line": 105}, "create_pr_comment_body": {"executed_lines": [], "summary": {"covered_lines": 0, "num_statements": 14, "percent_covered": 0.0, "percent_covered_display": "0", "missing_lines": 14, "excluded_lines": 0, "percent_statements_covered": 0.0, "percent_statements_covered_display": "0"}, "missing_lines": [123, 128, 129, 130, 131, 132, 134, 135, 136, 137, 138, 140, 141, 143], "excluded_lines": [], "start_line": 116}, "get_status_badge": {"executed_lines": [149, 156, 158], "summary": {"covered_lines": 3, "num_statements": 3, "percent_covered": 100.0, "percent_covered_display": "100", "missing_lines": 0, "excluded_lines": 0, "percent_statements_covered": 100.0, "percent_statements_covered_display": "100"}, "missing_lines": [], "excluded_lines": [], "start_line": 147}, "": {"executed_lines": [10, 11, 12, 13, 16, 17, 24, 60, 94, 105, 116, 147, 165], "summary": {"covered_lines": 13, "num_statements": 13, "percent_covered": 100.0, "percent_covered_display": "100", "missing_lines": 0, "excluded_lines": 0, "percent_statements_covered": 100.0, "percent_statements_covered_display": "100"}, "missing_lines": [], "excluded_lines": [], "start_line": 1}}, "classes": {"CIWorkflow": {"executed_lines": [], "summary": {"covered_lines": 0, "num_statements": 0, "percent_covered": 100.0, "percent_covered_display": "100", "missing_lines": 0, "excluded_lines": 0, "percent_statements_covered": 100.0, "percent_statements_covered_display": "100"}, "missing_lines": [], "excluded_lines": [], "start_line": 17}, "": {"executed_lines": [10, 11, 12, 13, 16, 17, 24, 31, 37, 38, 40, 41, 43, 57, 60, 66, 67, 68, 70, 74, 75, 77, 78, 82, 91, 94, 105, 116, 147, 149, 156, 158, 165], "summary": {"covered_lines": 33, "num_statements": 56, "percent_covered": 58.92857142857143, "percent_covered_display": "59", "missing_lines": 23, "excluded_lines": 0, "percent_statements_covered": 58.92857142857143, "percent_statements_covered_display": "59"}, "missing_lines": [96, 98, 99, 100, 102, 107, 109, 110, 112, 123, 128, 129, 130, 131, 132, 134, 135, 136, 137, 138, 140, 141, 143], "excluded_lines": [], "start_line": 1}}}, "src/helix/cli.py": {"executed_lines": [5, 6, 7, 9, 10, 11, 12, 13, 14, 16, 17, 18, 19, 20, 21, 22, 23, 24, 25, 26, 27, 29, 32, 33, 34, 39, 40, 41, 42, 43, 44, 52, 56, 57, 60, 61, 64, 71, 72, 74, 75, 78, 79, 82, 83, 86, 89, 91, 99, 100, 101, 104, 105, 128, 129, 130, 131, 132, 133, 134, 135, 146, 147, 157, 159, 160, 161, 162, 165, 168, 182, 183, 185, 204, 213, 214, 215, 218, 226, 227, 228, 231, 234, 245, 246, 248, 249, 259, 260, 261, 262, 316, 317, 320, 321, 322, 323, 324, 325, 326, 329, 340, 341, 342, 343, 346, 349, 366, 367, 369, 378, 387, 388, 391, 392, 393, 394, 456, 457, 458, 459, 460, 461, 462, 510, 511, 512, 513, 514, 515, 561, 562, 563, 564, 565, 566, 618, 619, 620, 621, 622, 669, 670, 671, 672, 673, 674, 675, 745, 746, 747, 748, 749, 818, 819, 820, 834, 835, 837, 838, 839, 840, 841, 843, 858, 859, 861, 864, 865, 867, 868, 869, 870, 871, 872, 873, 874, 875, 876, 877, 878, 879, 882, 883, 920, 921, 922, 923, 944, 945, 946, 947, 948, 949, 978, 979, 980, 999, 1000, 1038], "summary": {"covered_lines": 200, "num_statements": 534, "percent_covered": 37.453183520599254, "percent_covered_display": "37", "missing_lines": 334, "excluded_lines": 0, "percent_statements_covered": 37.453183520599254, "percent_statements_covered_display": "37"}, "missing_lines": [36, 53, 54, 87, 88, 92, 93, 94, 95, 97, 107, 108, 109, 110, 112, 122, 123, 125, 148, 149, 150, 151, 154, 155, 186, 189, 190, 191, 192, 194, 195, 197, 199, 200, 201, 202, 206, 207, 208, 209, 210, 251, 252, 254, 255, 256, 270, 271, 272, 275, 278, 289, 290, 292, 293, 296, 297, 298, 299, 300, 301, 302, 303, 304, 305, 307, 309, 310, 311, 312, 313, 370, 373, 374, 375, 376, 380, 381, 382, 383, 384, 403, 404, 405, 406, 409, 412, 425, 426, 428, 429, 432, 433, 434, 435, 436, 437, 438, 439, 441, 444, 445, 446, 447, 449, 450, 451, 452, 453, 471, 472, 473, 474, 475, 478, 481, 495, 496, 498, 499, 501, 503, 504, 505, 506, 507, 524, 525, 526, 527, 530, 533, 546, 547, 549, 551, 552, 554, 555, 556, 557, 558, 573, 575, 576, 577, 578, 580, 581, 582, 583, 586, 589, 602, 603, 605, 606, 608, 609, 611, 612, 613, 614, 615, 630, 632, 633, 634, 635, 638, 641, 653, 654, 656, 657, 659, 660, 662, 663, 664, 665, 666, 684, 686, 687, 688, 691, 694, 700, 703, 717, 718, 720, 721, 723, 724, 725, 726, 727, 728, 729, 730, 731, 732, 733, 735, 736, 738, 739, 740, 741, 742, 758, 760, 761, 762, 765, 768, 774, 777, 789, 790, 792, 793, 794, 795, 796, 797, 798, 799, 800, 801, 802, 803, 804, 805, 806, 808, 809, 811, 812, 813, 814, 815, 822, 823, 824, 826, 827, 828, 829, 830, 831, 885, 887, 888, 889, 890, 892, 894, 895, 896, 897, 899, 900, 901, 902, 903, 905, 906, 907, 914, 916, 917, 930, 931, 932, 933, 935, 936, 937, 938, 939, 940, 941, 956, 957, 958, 959, 961, 962, 963, 964, 965, 967, 968, 969, 971, 973, 974, 975, 987, 988, 990, 991, 992, 993, 994, 995, 996, 1006, 1008, 1009, 1011, 1012, 1013, 1015, 1016, 1017, 1018, 1019, 1020, 1021, 1022, 1025, 1026, 1027, 1028, 1029, 1030, 1033, 1034, 1035, 1039], "excluded_lines": [], "functions": {"main": {"executed_lines": [], "summary": {"covered_lines": 0, "num_statements": 1, "percent_covered": 0.0, "percent_covered_display": "0", "missing_lines": 1, "excluded_lines": 0, "percent_statements_covered": 0.0, "percent_statements_covered_display": "0"}, "missing_lines": [36], "excluded_lines": [], "start_line": 34}, "spec": {"executed_lines": [52, 56, 57, 60, 61, 64, 71, 72, 74, 75, 78, 79, 82, 83, 86, 89, 91, 99, 100, 101], "summary": {"covered_lines": 20, "num_statements": 29, "percent_covered": 68.96551724137932, "percent_covered_display": "69", "missing_lines": 9, "excluded_lines": 0, "percent_statements_covered": 68.96551724137932, "percent_statements_covered_display": "69"}, "missing_lines": [53, 54, 87, 88, 92, 93, 94, 95, 97], "excluded_lines": [], "start_line": 44}, "templates": {"executed_lines": [], "summary": {"covered_lines": 0, "num_statements": 8, "percent_covered": 0.0, "percent_covered_display": "0", "missing_lines": 8, "excluded_lines": 0, "percent_statements_covered": 0.0, "percent_statements_covered_display": "0"}, "missing_lines": [107, 108, 109, 110, 112, 122, 123, 125], "excluded_lines": [], "start_line": 105}, "build": {"executed_lines": [146, 147, 157, 159, 160, 161, 162, 165, 168, 182, 183, 185, 204], "summary": {"covered_lines": 13, "num_statements": 36, "percent_covered": 36.111111111111114, "percent_covered_display": "36", "missing_lines": 23, "excluded_lines": 0, "percent_statements_covered": 36.111111111111114, "percent_statements_covered_display": "36"}, "missing_lines": [148, 149, 150, 151, 154, 155, 186, 189, 190, 191, 192, 194, 195, 197, 199, 200, 201, 202, 206, 207, 208, 209, 210], "excluded_lines": [], "start_line": 135}, "verify": {"executed_lines": [226, 227, 228, 231, 234, 245, 246, 248, 249], "summary": {"covered_lines": 9, "num_statements": 14, "percent_covered": 64.28571428571429, "percent_covered_display": "64", "missing_lines": 5, "excluded_lines": 0, "percent_statements_covered": 64.28571428571429, "percent_statements_covered_display": "64"}, "missing_lines": [251, 252, 254, 255, 256], "excluded_lines": [], "start_line": 218}, "review": {"executed_lines": [], "summary": {"covered_lines": 0, "num_statements": 25, "percent_covered": 0.0, "percent_covered_display": "0", "missing_lines": 25, "excluded_lines": 0, "percent_statements_covered": 0.0, "percent_statements_covered_display": "0"}, "missing_lines": [270, 271, 272, 275, 278, 289, 290, 292, 293, 296, 297, 298, 299, 300, 301, 302, 303, 304, 305, 307, 309, 310, 311, 312, 313], "excluded_lines": [], "start_line": 262}, "ship": {"executed_lines": [340, 341, 342, 343, 346, 349, 366, 367, 369, 378], "summary": {"covered_lines": 10, "num_statements": 20, "percent_covered": 50.0, "percent_covered_display": "50", "missing_lines": 10, "excluded_lines": 0, "percent_statements_covered": 50.0, "percent_statements_covered_display": "50"}, "missing_lines": [370, 373, 374, 375, 376, 380, 381, 382, 383, 384], "excluded_lines": [], "start_line": 329}, "qa": {"executed_lines": [], "summary": {"covered_lines": 0, "num_statements": 28, "percent_covered": 0.0, "percent_covered_display": "0", "missing_lines": 28, "excluded_lines": 0, "percent_statements_covered": 0.0, "percent_statements_covered_display": "0"}, "missing_lines": [403, 404, 405, 406, 409, 412, 425, 426, 428, 429, 432, 433, 434, 435, 436, 437, 438, 439, 441, 444, 445, 446, 447, 449, 450, 451, 452, 453], "excluded_lines": [], "start_line": 394}, "audit": {"executed_lines": [], "summary": {"covered_lines": 0, "num_statements": 17, "percent_covered": 0.0, "percent_covered_display": "0", "missing_lines": 17, "excluded_lines": 0, "percent_statements_covered": 0.0, "percent_statements_covered_display": "0"}, "missing_lines": [471, 472, 473, 474, 475, 478, 481, 495, 496, 498, 499, 501, 503, 504, 505, 506, 507], "excluded_lines": [], "start_line": 462}, "gate": {"executed_lines": [], "summary": {"covered_lines": 0, "num_statements": 16, "percent_covered": 0.0, "percent_covered_display": "0", "missing_lines": 16, "excluded_lines": 0, "percent_statements_covered": 0.0, "percent_statements_covered_display": "0"}, "missing_lines": [524, 525, 526, 527, 530, 533, 546, 547, 549, 551, 552, 554, 555, 556, 557, 558], "excluded_lines": [], "start_line": 515}, "browse": {"executed_lines": [], "summary": {"covered_lines": 0, "num_statements": 22, "percent_covered": 0.0, "percent_covered_display": "0", "missing_lines": 22, "excluded_lines": 0, "percent_statements_covered": 0.0, "percent_statements_covered_display": "0"}, "missing_lines": [573, 575, 576, 577, 578, 580, 581, 582, 583, 586, 589, 602, 603, 605, 606, 608, 609, 611, 612, 613, 614, 615], "excluded_lines": [], "start_line": 566}, "design": {"executed_lines": [], "summary": {"covered_lines": 0, "num_statements": 18, "percent_covered": 0.0, "percent_covered_display": "0", "missing_lines": 18, "excluded_lines": 0, "percent_statements_covered": 0.0, "percent_statements_covered_display": "0"}, "missing_lines": [630, 632, 633, 634, 635, 638, 641, 653, 654, 656, 657, 659, 660, 662, 663, 664, 665, 666], "excluded_lines": [], "start_line": 622}, "learn": {"executed_lines": [], "summary": {"covered_lines": 0, "num_statements": 30, "percent_covered": 0.0, "percent_covered_display": "0", "missing_lines": 30, "excluded_lines": 0, "percent_statements_covered": 0.0, "percent_statements_covered_display": "0"}, "missing_lines": [684, 686, 687, 688, 691, 694, 700, 703, 717, 718, 720, 721, 723, 724, 725, 726, 727, 728, 729, 730, 731, 732, 733, 735, 736, 738, 739, 740, 741, 742], "excluded_lines": [], "start_line": 675}, "checkpoint": {"executed_lines": [], "summary": {"covered_lines": 0, "num_statements": 32, "percent_covered": 0.0, "percent_covered_display": "0", "missing_lines": 32, "excluded_lines": 0, "percent_statements_covered": 0.0, "percent_statements_covered_display": "0"}, "missing_lines": [758, 760, 761, 762, 765, 768, 774, 777, 789, 790, 792, 793, 794, 795, 796, 797, 798, 799, 800, 801, 802, 803, 804, 805, 806, 808, 809, 811, 812, 813, 814, 815], "excluded_lines": [], "start_line": 749}, "classify": {"executed_lines": [], "summary": {"covered_lines": 0, "num_statements": 9, "percent_covered": 0.0, "percent_covered_display": "0", "missing_lines": 9, "excluded_lines": 0, "percent_statements_covered": 0.0, "percent_statements_covered_display": "0"}, "missing_lines": [822, 823, 824, 826, 827, 828, 829, 830, 831], "excluded_lines": [], "start_line": 820}, "list_skills": {"executed_lines": [837, 838, 839, 840, 841, 843, 858, 859, 861], "summary": {"covered_lines": 9, "num_statements": 9, "percent_covered": 100.0, "percent_covered_display": "100", "missing_lines": 0, "excluded_lines": 0, "percent_statements_covered": 100.0, "percent_statements_covered_display": "100"}, "missing_lines": [], "excluded_lines": [], "start_line": 835}, "status": {"executed_lines": [867, 868, 869, 870, 871, 872, 873, 874, 875, 876, 877, 878, 879], "summary": {"covered_lines": 13, "num_statements": 13, "percent_covered": 100.0, "percent_covered_display": "100", "missing_lines": 0, "excluded_lines": 0, "percent_statements_covered": 100.0, "percent_statements_covered_display": "100"}, "missing_lines": [], "excluded_lines": [], "start_line": 865}, "plugins": {"executed_lines": [], "summary": {"covered_lines": 0, "num_statements": 21, "percent_covered": 0.0, "percent_covered_display": "0", "missing_lines": 21, "excluded_lines": 0, "percent_statements_covered": 0.0, "percent_statements_covered_display": "0"}, "missing_lines": [885, 887, 888, 889, 890, 892, 894, 895, 896, 897, 899, 900, 901, 902, 903, 905, 906, 907, 914, 916, 917], "excluded_lines": [], "start_line": 883}, "serve": {"executed_lines": [], "summary": {"covered_lines": 0, "num_statements": 11, "percent_covered": 0.0, "percent_covered_display": "0", "missing_lines": 11, "excluded_lines": 0, "percent_statements_covered": 0.0, "percent_statements_covered_display": "0"}, "missing_lines": [930, 931, 932, 933, 935, 936, 937, 938, 939, 940, 941], "excluded_lines": [], "start_line": 923}, "ci": {"executed_lines": [], "summary": {"covered_lines": 0, "num_statements": 16, "percent_covered": 0.0, "percent_covered_display": "0", "missing_lines": 16, "excluded_lines": 0, "percent_statements_covered": 0.0, "percent_statements_covered_display": "0"}, "missing_lines": [956, 957, 958, 959, 961, 962, 963, 964, 965, 967, 968, 969, 971, 973, 974, 975], "excluded_lines": [], "start_line": 949}, "docs": {"executed_lines": [], "summary": {"covered_lines": 0, "num_statements": 9, "percent_covered": 0.0, "percent_covered_display": "0", "missing_lines": 9, "excluded_lines": 0, "percent_statements_covered": 0.0, "percent_statements_covered_display": "0"}, "missing_lines": [987, 988, 990, 991, 992, 993, 994, 995, 996], "excluded_lines": [], "start_line": 980}, "metrics": {"executed_lines": [], "summary": {"covered_lines": 0, "num_statements": 23, "percent_covered": 0.0, "percent_covered_display": "0", "missing_lines": 23, "excluded_lines": 0, "percent_statements_covered": 0.0, "percent_statements_covered_display": "0"}, "missing_lines": [1006, 1008, 1009, 1011, 1012, 1013, 1015, 1016, 1017, 1018, 1019, 1020, 1021, 1022, 1025, 1026, 1027, 1028, 1029, 1030, 1033, 1034, 1035], "excluded_lines": [], "start_line": 1000}, "": {"executed_lines": [5, 6, 7, 9, 10, 11, 12, 13, 14, 16, 17, 18, 19, 20, 21, 22, 23, 24, 25, 26, 27, 29, 32, 33, 34, 39, 40, 41, 42, 43, 44, 104, 105, 128, 129, 130, 131, 132, 133, 134, 135, 213, 214, 215, 218, 259, 260, 261, 262, 316, 317, 320, 321, 322, 323, 324, 325, 326, 329, 387, 388, 391, 392, 393, 394, 456, 457, 458, 459, 460, 461, 462, 510, 511, 512, 513, 514, 515, 561, 562, 563, 564, 565, 566, 618, 619, 620, 621, 622, 669, 670, 671, 672, 673, 674, 675, 745, 746, 747, 748, 749, 818, 819, 820, 834, 835, 864, 865, 882, 883, 920, 921, 922, 923, 944, 945, 946, 947, 948, 949, 978, 979, 980, 999, 1000, 1038], "summary": {"covered_lines": 126, "num_statements": 127, "percent_covered": 99.21259842519684, "percent_covered_display": "99", "missing_lines": 1, "excluded_lines": 0, "percent_statements_covered": 99.21259842519684, "percent_statements_covered_display": "99"}, "missing_lines": [1039], "excluded_lines": [], "start_line": 1}}, "classes": {"": {"executed_lines": [5, 6, 7, 9, 10, 11, 12, 13, 14, 16, 17, 18, 19, 20, 21, 22, 23, 24, 25, 26, 27, 29, 32, 33, 34, 39, 40, 41, 42, 43, 44, 52, 56, 57, 60, 61, 64, 71, 72, 74, 75, 78, 79, 82, 83, 86, 89, 91, 99, 100, 101, 104, 105, 128, 129, 130, 131, 132, 133, 134, 135, 146, 147, 157, 159, 160, 161, 162, 165, 168, 182, 183, 185, 204, 213, 214, 215, 218, 226, 227, 228, 231, 234, 245, 246, 248, 249, 259, 260, 261, 262, 316, 317, 320, 321, 322, 323, 324, 325, 326, 329, 340, 341, 342, 343, 346, 349, 366, 367, 369, 378, 387, 388, 391, 392, 393, 394, 456, 457, 458, 459, 460, 461, 462, 510, 511, 512, 513, 514, 515, 561, 562, 563, 564, 565, 566, 618, 619, 620, 621, 622, 669, 670, 671, 672, 673, 674, 675, 745, 746, 747, 748, 749, 818, 819, 820, 834, 835, 837, 838, 839, 840, 841, 843, 858, 859, 861, 864, 865, 867, 868, 869, 870, 871, 872, 873, 874, 875, 876, 877, 878, 879, 882, 883, 920, 921, 922, 923, 944, 945, 946, 947, 948, 949, 978, 979, 980, 999, 1000, 1038], "summary": {"covered_lines": 200, "num_statements": 534, "percent_covered": 37.453183520599254, "percent_covered_display": "37", "missing_lines": 334, "excluded_lines": 0, "percent_statements_covered": 37.453183520599254, "percent_statements_covered_display": "37"}, "missing_lines": [36, 53, 54, 87, 88, 92, 93, 94, 95, 97, 107, 108, 109, 110, 112, 122, 123, 125, 148, 149, 150, 151, 154, 155, 186, 189, 190, 191, 192, 194, 195, 197, 199, 200, 201, 202, 206, 207, 208, 209, 210, 251, 252, 254, 255, 256, 270, 271, 272, 275, 278, 289, 290, 292, 293, 296, 297, 298, 299, 300, 301, 302, 303, 304, 305, 307, 309, 310, 311, 312, 313, 370, 373, 374, 375, 376, 380, 381, 382, 383, 384, 403, 404, 405, 406, 409, 412, 425, 426, 428, 429, 432, 433, 434, 435, 436, 437, 438, 439, 441, 444, 445, 446, 447, 449, 450, 451, 452, 453, 471, 472, 473, 474, 475, 478, 481, 495, 496, 498, 499, 501, 503, 504, 505, 506, 507, 524, 525, 526, 527, 530, 533, 546, 547, 549, 551, 552, 554, 555, 556, 557, 558, 573, 575, 576, 577, 578, 580, 581, 582, 583, 586, 589, 602, 603, 605, 606, 608, 609, 611, 612, 613, 614, 615, 630, 632, 633, 634, 635, 638, 641, 653, 654, 656, 657, 659, 660, 662, 663, 664, 665, 666, 684, 686, 687, 688, 691, 694, 700, 703, 717, 718, 720, 721, 723, 724, 725, 726, 727, 728, 729, 730, 731, 732, 733, 735, 736, 738, 739, 740, 741, 742, 758, 760, 761, 762, 765, 768, 774, 777, 789, 790, 792, 793, 794, 795, 796, 797, 798, 799, 800, 801, 802, 803, 804, 805, 806, 808, 809, 811, 812, 813, 814, 815, 822, 823, 824, 826, 827, 828, 829, 830, 831, 885, 887, 888, 889, 890, 892, 894, 895, 896, 897, 899, 900, 901, 902, 903, 905, 906, 907, 914, 916, 917, 930, 931, 932, 933, 935, 936, 937, 938, 939, 940, 941, 956, 957, 958, 959, 961, 962, 963, 964, 965, 967, 968, 969, 971, 973, 974, 975, 987, 988, 990, 991, 992, 993, 994, 995, 996, 1006, 1008, 1009, 1011, 1012, 1013, 1015, 1016, 1017, 1018, 1019, 1020, 1021, 1022, 1025, 1026, 1027, 1028, 1029, 1030, 1033, 1034, 1035, 1039], "excluded_lines": [], "start_line": 1}}}, "src/helix/core/__init__.py": {"executed_lines": [5, 6, 7, 9], "summary": {"covered_lines": 4, "num_statements": 4, "percent_covered": 100.0, "percent_covered_display": "100", "missing_lines": 0, "excluded_lines": 0, "percent_statements_covered": 100.0, "percent_statements_covered_display": "100"}, "missing_lines": [], "excluded_lines": [], "functions": {"": {"executed_lines": [5, 6, 7, 9], "summary": {"covered_lines": 4, "num_statements": 4, "percent_covered": 100.0, "percent_covered_display": "100", "missing_lines": 0, "excluded_lines": 0, "percent_statements_covered": 100.0, "percent_statements_covered_display": "100"}, "missing_lines": [], "excluded_lines": [], "start_line": 1}}, "classes": {"": {"executed_lines": [5, 6, 7, 9], "summary": {"covered_lines": 4, "num_statements": 4, "percent_covered": 100.0, "percent_covered_display": "100", "missing_lines": 0, "excluded_lines": 0, "percent_statements_covered": 100.0, "percent_statements_covered_display": "100"}, "missing_lines": [], "excluded_lines": [], "start_line": 1}}}, "src/helix/core/context.py": {"executed_lines": [11, 12, 13, 14, 17, 20, 21, 22, 23, 24, 27, 28, 37, 40, 41, 46, 49, 50, 53, 54, 57, 58, 61, 68, 69, 70, 71, 74, 77, 80, 83, 85, 87, 88, 90, 107, 109, 116, 118, 120, 122], "summary": {"covered_lines": 41, "num_statements": 43, "percent_covered": 95.34883720930233, "percent_covered_display": "95", "missing_lines": 2, "excluded_lines": 0, "percent_statements_covered": 95.34883720930233, "percent_statements_covered_display": "95"}, "missing_lines": [96, 105], "excluded_lines": [], "functions": {"HelixContext.__init__": {"executed_lines": [69, 70, 71, 74, 77, 80, 83], "summary": {"covered_lines": 7, "num_statements": 7, "percent_covered": 100.0, "percent_covered_display": "100", "missing_lines": 0, "excluded_lines": 0, "percent_statements_covered": 100.0, "percent_statements_covered_display": "100"}, "missing_lines": [], "excluded_lines": [], "start_line": 68}, "HelixContext.start_session": {"executed_lines": [87, 88], "summary": {"covered_lines": 2, "num_statements": 2, "percent_covered": 100.0, "percent_covered_display": "100", "missing_lines": 0, "excluded_lines": 0, "percent_statements_covered": 100.0, "percent_statements_covered_display": "100"}, "missing_lines": [], "excluded_lines": [], "start_line": 85}, "HelixContext.add_interaction": {"executed_lines": [], "summary": {"covered_lines": 0, "num_statements": 2, "percent_covered": 0.0, "percent_covered_display": "0", "missing_lines": 2, "excluded_lines": 0, "percent_statements_covered": 0.0, "percent_statements_covered_display": "0"}, "missing_lines": [96, 105], "excluded_lines": [], "start_line": 90}, "HelixContext.add_memory": {"executed_lines": [109], "summary": {"covered_lines": 1, "num_statements": 1, "percent_covered": 100.0, "percent_covered_display": "100", "missing_lines": 0, "excluded_lines": 0, "percent_statements_covered": 100.0, "percent_statements_covered_display": "100"}, "missing_lines": [], "excluded_lines": [], "start_line": 107}, "HelixContext.get_recent_interactions": {"executed_lines": [118], "summary": {"covered_lines": 1, "num_statements": 1, "percent_covered": 100.0, "percent_covered_display": "100", "missing_lines": 0, "excluded_lines": 0, "percent_statements_covered": 100.0, "percent_statements_covered_display": "100"}, "missing_lines": [], "excluded_lines": [], "start_line": 116}, "HelixContext.get_summary": {"executed_lines": [122], "summary": {"covered_lines": 1, "num_statements": 1, "percent_covered": 100.0, "percent_covered_display": "100", "missing_lines": 0, "excluded_lines": 0, "percent_statements_covered": 100.0, "percent_statements_covered_display": "100"}, "missing_lines": [], "excluded_lines": [], "start_line": 120}, "": {"executed_lines": [11, 12, 13, 14, 17, 20, 21, 22, 23, 24, 27, 28, 37, 40, 41, 46, 49, 50, 53, 54, 57, 58, 61, 68, 85, 90, 107, 116, 120], "summary": {"covered_lines": 29, "num_statements": 29, "percent_covered": 100.0, "percent_covered_display": "100", "missing_lines": 0, "excluded_lines": 0, "percent_statements_covered": 100.0, "percent_statements_covered_display": "100"}, "missing_lines": [], "excluded_lines": [], "start_line": 1}}, "classes": {"SessionState": {"executed_lines": [], "summary": {"covered_lines": 0, "num_statements": 0, "percent_covered": 100.0, "percent_covered_display": "100", "missing_lines": 0, "excluded_lines": 0, "percent_statements_covered": 100.0, "percent_statements_covered_display": "100"}, "missing_lines": [], "excluded_lines": [], "start_line": 17}, "Interaction": {"executed_lines": [], "summary": {"covered_lines": 0, "num_statements": 0, "percent_covered": 100.0, "percent_covered_display": "100", "missing_lines": 0, "excluded_lines": 0, "percent_statements_covered": 100.0, "percent_statements_covered_display": "100"}, "missing_lines": [], "excluded_lines": [], "start_line": 28}, "ProjectState": {"executed_lines": [], "summary": {"covered_lines": 0, "num_statements": 0, "percent_covered": 100.0, "percent_covered_display": "100", "missing_lines": 0, "excluded_lines": 0, "percent_statements_covered": 100.0, "percent_statements_covered_display": "100"}, "missing_lines": [], "excluded_lines": [], "start_line": 41}, "HelixContext": {"executed_lines": [69, 70, 71, 74, 77, 80, 83, 87, 88, 109, 118, 122], "summary": {"covered_lines": 12, "num_statements": 14, "percent_covered": 85.71428571428571, "percent_covered_display": "86", "missing_lines": 2, "excluded_lines": 0, "percent_statements_covered": 85.71428571428571, "percent_statements_covered_display": "86"}, "missing_lines": [96, 105], "excluded_lines": [], "start_line": 61}, "": {"executed_lines": [11, 12, 13, 14, 17, 20, 21, 22, 23, 24, 27, 28, 37, 40, 41, 46, 49, 50, 53, 54, 57, 58, 61, 68, 85, 90, 107, 116, 120], "summary": {"covered_lines": 29, "num_statements": 29, "percent_covered": 100.0, "percent_covered_display": "100", "missing_lines": 0, "excluded_lines": 0, "percent_statements_covered": 100.0, "percent_statements_covered_display": "100"}, "missing_lines": [], "excluded_lines": [], "start_line": 1}}}, "src/helix/core/intent.py": {"executed_lines": [5, 6, 7, 10, 14, 15, 16, 17, 20, 21, 22, 23, 26, 27, 28, 29, 32, 33, 36, 37, 45, 46, 49, 50, 52, 53, 54, 56, 57, 59, 61, 63, 65, 67], "summary": {"covered_lines": 34, "num_statements": 34, "percent_covered": 100.0, "percent_covered_display": "100", "missing_lines": 0, "excluded_lines": 0, "percent_statements_covered": 100.0, "percent_statements_covered_display": "100"}, "missing_lines": [], "excluded_lines": [], "functions": {"Intent.__post_init__": {"executed_lines": [53, 54], "summary": {"covered_lines": 2, "num_statements": 2, "percent_covered": 100.0, "percent_covered_display": "100", "missing_lines": 0, "excluded_lines": 0, "percent_statements_covered": 100.0, "percent_statements_covered_display": "100"}, "missing_lines": [], "excluded_lines": [], "start_line": 52}, "Intent.is_clear": {"executed_lines": [59], "summary": {"covered_lines": 1, "num_statements": 1, "percent_covered": 100.0, "percent_covered_display": "100", "missing_lines": 0, "excluded_lines": 0, "percent_statements_covered": 100.0, "percent_statements_covered_display": "100"}, "missing_lines": [], "excluded_lines": [], "start_line": 57}, "Intent.add_entity": {"executed_lines": [63], "summary": {"covered_lines": 1, "num_statements": 1, "percent_covered": 100.0, "percent_covered_display": "100", "missing_lines": 0, "excluded_lines": 0, "percent_statements_covered": 100.0, "percent_statements_covered_display": "100"}, "missing_lines": [], "excluded_lines": [], "start_line": 61}, "Intent.set_parameter": {"executed_lines": [67], "summary": {"covered_lines": 1, "num_statements": 1, "percent_covered": 100.0, "percent_covered_display": "100", "missing_lines": 0, "excluded_lines": 0, "percent_statements_covered": 100.0, "percent_statements_covered_display": "100"}, "missing_lines": [], "excluded_lines": [], "start_line": 65}, "": {"executed_lines": [5, 6, 7, 10, 14, 15, 16, 17, 20, 21, 22, 23, 26, 27, 28, 29, 32, 33, 36, 37, 45, 46, 49, 50, 52, 56, 57, 61, 65], "summary": {"covered_lines": 29, "num_statements": 29, "percent_covered": 100.0, "percent_covered_display": "100", "missing_lines": 0, "excluded_lines": 0, "percent_statements_covered": 100.0, "percent_statements_covered_display": "100"}, "missing_lines": [], "excluded_lines": [], "start_line": 1}}, "classes": {"IntentType": {"executed_lines": [], "summary": {"covered_lines": 0, "num_statements": 0, "percent_covered": 100.0, "percent_covered_display": "100", "missing_lines": 0, "excluded_lines": 0, "percent_statements_covered": 100.0, "percent_statements_covered_display": "100"}, "missing_lines": [], "excluded_lines": [], "start_line": 10}, "Intent": {"executed_lines": [53, 54, 59, 63, 67], "summary": {"covered_lines": 5, "num_statements": 5, "percent_covered": 100.0, "percent_covered_display": "100", "missing_lines": 0, "excluded_lines": 0, "percent_statements_covered": 100.0, "percent_statements_covered_display": "100"}, "missing_lines": [], "excluded_lines": [], "start_line": 37}, "": {"executed_lines": [5, 6, 7, 10, 14, 15, 16, 17, 20, 21, 22, 23, 26, 27, 28, 29, 32, 33, 36, 37, 45, 46, 49, 50, 52, 56, 57, 61, 65], "summary": {"covered_lines": 29, "num_statements": 29, "percent_covered": 100.0, "percent_covered_display": "100", "missing_lines": 0, "excluded_lines": 0, "percent_statements_covered": 100.0, "percent_statements_covered_display": "100"}, "missing_lines": [], "excluded_lines": [], "start_line": 1}}}, "src/helix/core/orchestrator.py": {"executed_lines": [11, 12, 13, 15, 16, 17, 20, 23, 24, 25, 26, 27, 28, 29, 32, 33, 36, 37, 38, 39, 42, 45, 56, 57, 58, 59, 60, 62, 64, 66, 70, 101, 155, 180, 182, 184], "summary": {"covered_lines": 36, "num_statements": 62, "percent_covered": 58.064516129032256, "percent_covered_display": "58", "missing_lines": 26, "excluded_lines": 0, "percent_statements_covered": 58.064516129032256, "percent_statements_covered_display": "58"}, "missing_lines": [68, 81, 84, 86, 87, 94, 97, 99, 106, 109, 110, 117, 118, 125, 126, 133, 134, 141, 142, 149, 159, 174, 175, 176, 178, 186], "exc
[...]
s": 0, "excluded_lines": 0, "percent_statements_covered": 100.0, "percent_statements_covered_display": "100"}, "missing_lines": [], "excluded_lines": [], "start_line": 66}, "TestVerifyReport": {"executed_lines": [90, 91, 92, 94, 103, 104, 108, 109, 110, 112, 122, 123, 124, 125, 126], "summary": {"covered_lines": 15, "num_statements": 15, "percent_covered": 100.0, "percent_covered_display": "100", "missing_lines": 0, "excluded_lines": 0, "percent_statements_covered": 100.0, "percent_statements_covered_display": "100"}, "missing_lines": [], "excluded_lines": [], "start_line": 85}, "TestStaticChecker": {"executed_lines": [134, 135, 139, 140, 141], "summary": {"covered_lines": 5, "num_statements": 5, "percent_covered": 100.0, "percent_covered_display": "100", "missing_lines": 0, "excluded_lines": 0, "percent_statements_covered": 100.0, "percent_statements_covered_display": "100"}, "missing_lines": [], "excluded_lines": [], "start_line": 129}, "TestTestRunnerExtended": {"executed_lines": [149, 150, 155, 156, 157, 159, 164, 165, 166], "summary": {"covered_lines": 9, "num_statements": 11, "percent_covered": 81.81818181818181, "percent_covered_display": "82", "missing_lines": 2, "excluded_lines": 0, "percent_statements_covered": 81.81818181818181, "percent_statements_covered_display": "82"}, "missing_lines": [167, 168], "excluded_lines": [], "start_line": 144}, "TestAcceptanceCheckerExtended": {"executed_lines": [176, 177, 178], "summary": {"covered_lines": 3, "num_statements": 3, "percent_covered": 100.0, "percent_covered_display": "100", "missing_lines": 0, "excluded_lines": 0, "percent_statements_covered": 100.0, "percent_statements_covered_display": "100"}, "missing_lines": [], "excluded_lines": [], "start_line": 171}, "TestVerifySkillAsync": {"executed_lines": [187, 188, 189, 195, 196, 203, 204, 205, 211, 212, 228, 229, 231, 232, 234, 236, 237], "summary": {"covered_lines": 17, "num_statements": 26, "percent_covered": 65.38461538461539, "percent_covered_display": "65", "missing_lines": 9, "excluded_lines": 0, "percent_statements_covered": 65.38461538461539, "percent_statements_covered_display": "65"}, "missing_lines": [197, 198, 213, 214, 215, 217, 218, 220, 223], "excluded_lines": [], "start_line": 181}, "TestTestRunner": {"executed_lines": [245, 246, 251, 252, 254, 255, 256, 257, 258, 259, 261, 263, 264, 269, 270, 272, 273, 274, 275, 276, 277, 279, 281, 282, 287, 288, 290, 291, 292, 293, 294, 295, 297, 299, 304, 305, 307, 308, 310, 312], "summary": {"covered_lines": 40, "num_statements": 40, "percent_covered": 100.0, "percent_covered_display": "100", "missing_lines": 0, "excluded_lines": 0, "percent_statements_covered": 100.0, "percent_statements_covered_display": "100"}, "missing_lines": [], "excluded_lines": [], "start_line": 240}, "TestAcceptanceChecker": {"executed_lines": [320, 321, 326, 328, 329, 331, 333], "summary": {"covered_lines": 7, "num_statements": 7, "percent_covered": 100.0, "percent_covered_display": "100", "missing_lines": 0, "excluded_lines": 0, "percent_statements_covered": 100.0, "percent_statements_covered_display": "100"}, "missing_lines": [], "excluded_lines": [], "start_line": 315}, "TestVerifySkillExecuteLevels": {"executed_lines": [342, 343, 344, 350, 351, 358, 359, 360, 366, 367, 374, 375, 376, 382, 383, 390, 391, 392, 398, 399], "summary": {"covered_lines": 20, "num_statements": 28, "percent_covered": 71.42857142857143, "percent_covered_display": "71", "missing_lines": 8, "excluded_lines": 0, "percent_statements_covered": 71.42857142857143, "percent_statements_covered_display": "71"}, "missing_lines": [352, 353, 368, 369, 384, 385, 400, 401], "excluded_lines": [], "start_line": 336}, "TestVerifySkillReport": {"executed_lines": [409, 410, 411, 412, 414, 423, 424, 425, 429, 430, 431, 432, 434, 443, 444, 448, 449, 450, 451, 453, 462, 463], "summary": {"covered_lines": 22, "num_statements": 22, "percent_covered": 100.0, "percent_covered_display": "100", "missing_lines": 0, "excluded_lines": 0, "percent_statements_covered": 100.0, "percent_statements_covered_display": "100"}, "missing_lines": [], "excluded_lines": [], "start_line": 404}, "TestVerifySkillWithMocks": {"executed_lines": [472, 473, 474, 475, 476, 477, 478, 479, 481, 483, 484, 489, 490, 491, 492, 493, 494, 495, 496, 498, 500, 505, 506, 507, 508, 509, 510, 511, 512, 514, 516, 517, 519, 524, 525, 526, 527, 528, 529, 530, 531, 533, 534, 535], "summary": {"covered_lines": 44, "num_statements": 46, "percent_covered": 95.65217391304348, "percent_covered_display": "96", "missing_lines": 2, "excluded_lines": 0, "percent_statements_covered": 95.65217391304348, "percent_statements_covered_display": "96"}, "missing_lines": [536, 537], "excluded_lines": [], "start_line": 466}, "TestVerifyReportToDict": {"executed_lines": [545, 546, 547, 549, 559, 560, 561, 562, 563, 567, 568, 569, 571, 581, 582, 583, 584, 585], "summary": {"covered_lines": 18, "num_statements": 18, "percent_covered": 100.0, "percent_covered_display": "100", "missing_lines": 0, "excluded_lines": 0, "percent_statements_covered": 100.0, "percent_statements_covered_display": "100"}, "missing_lines": [], "excluded_lines": [], "start_line": 540}, "": {"executed_lines": [3, 4, 5, 6, 7, 8, 9, 17, 20, 23, 24, 27, 31, 35, 39, 44, 47, 48, 66, 69, 77, 85, 88, 106, 129, 132, 137, 144, 147, 152, 153, 171, 174, 181, 184, 185, 200, 201, 225, 226, 240, 243, 248, 249, 266, 267, 284, 285, 301, 302, 315, 318, 323, 324, 336, 339, 340, 355, 356, 371, 372, 387, 388, 404, 407, 427, 446, 466, 469, 470, 486, 487, 502, 503, 521, 522, 540, 543, 565], "summary": {"covered_lines": 79, "num_statements": 79, "percent_covered": 100.0, "percent_covered_display": "100", "missing_lines": 0, "excluded_lines": 0, "percent_statements_covered": 100.0, "percent_statements_covered_display": "100"}, "missing_lines": [], "excluded_lines": [], "start_line": 1}}}, "tests/test_spec.py": {"executed_lines": [3, 4, 7, 10, 12, 13, 14, 15, 16, 17, 18, 19, 22, 25, 27, 28, 29, 30, 31, 33, 35, 40, 41, 42, 45, 48, 49, 51, 52, 53, 55, 57, 58, 60, 62, 64, 66, 68, 70, 71, 73, 75, 77, 79, 81, 83, 85, 87, 88, 90, 92, 93, 95, 97, 100, 103, 105, 106, 107, 109, 111, 113, 114, 115, 116, 118, 120, 121, 122, 123, 126, 129, 131, 132, 133, 134, 136, 138, 139, 140, 141, 143, 145, 146, 147, 148, 151, 154, 155, 157, 158, 159, 160, 166, 167], "summary": {"covered_lines": 95, "num_statements": 97, "percent_covered": 97.9381443298969, "percent_covered_display": "98", "missing_lines": 2, "excluded_lines": 0, "percent_statements_covered": 97.9381443298969, "percent_statements_covered_display": "98"}, "missing_lines": [168, 169], "excluded_lines": [], "functions": {"TestRequirementType.test_requirement_types": {"executed_lines": [12, 13, 14, 15, 16, 17, 18, 19], "summary": {"covered_lines": 8, "num_statements": 8, "percent_covered": 100.0, "percent_covered_display": "100", "missing_lines": 0, "excluded_lines": 0, "percent_statements_covered": 100.0, "percent_statements_covered_display": "100"}, "missing_lines": [], "excluded_lines": [], "start_line": 10}, "TestExtractedEntities.test_default_entities": {"executed_lines": [27, 28, 29, 30, 31], "summary": {"covered_lines": 5, "num_statements": 5, "percent_covered": 100.0, "percent_covered_display": "100", "missing_lines": 0, "excluded_lines": 0, "percent_statements_covered": 100.0, "percent_statements_covered_display": "100"}, "missing_lines": [], "excluded_lines": [], "start_line": 25}, "TestExtractedEntities.test_entities_with_values": {"executed_lines": [35, 40, 41, 42], "summary": {"covered_lines": 4, "num_statements": 4, "percent_covered": 100.0, "percent_covered_display": "100", "missing_lines": 0, "excluded_lines": 0, "percent_statements_covered": 100.0, "percent_statements_covered_display": "100"}, "missing_lines": [], "excluded_lines": [], "start_line": 33}, "TestSpecSkillFallback.skill": {"executed_lines": [51, 52, 53], "summary": {"covered_lines": 3, "num_statements": 3, "percent_covered": 100.0, "percent_covered_display": "100", "missing_lines": 0, "excluded_lines": 0, "percent_statements_covered": 100.0, "percent_statements_covered_display": "100"}, "missing_lines": [], "excluded_lines": [], "start_line": 49}, "TestSpecSkillFallback.test_classify_crud": {"executed_lines": [57, 58], "summary": {"covered_lines": 2, "num_statements": 2, "percent_covered": 100.0, "percent_covered_display": "100", "missing_lines": 0, "excluded_lines": 0, "percent_statements_covered": 100.0, "percent_statements_covered_display": "100"}, "missing_lines": [], "excluded_lines": [], "start_line": 55}, "TestSpecSkillFallback.test_classify_api": {"executed_lines": [62], "summary": {"covered_lines": 1, "num_statements": 1, "percent_covered": 100.0, "percent_covered_display": "100", "missing_lines": 0, "excluded_lines": 0, "percent_statements_covered": 100.0, "percent_statements_covered_display": "100"}, "missing_lines": [], "excluded_lines": [], "start_line": 60}, "TestSpecSkillFallback.test_classify_algorithm": {"executed_lines": [66], "summary": {"covered_lines": 1, "num_statements": 1, "percent_covered": 100.0, "percent_covered_display": "100", "missing_lines": 0, "excluded_lines": 0, "percent_statements_covered": 100.0, "percent_statements_covered_display": "100"}, "missing_lines": [], "excluded_lines": [], "start_line": 64}, "TestSpecSkillFallback.test_classify_integration": {"executed_lines": [70, 71], "summary": {"covered_lines": 2, "num_statements": 2, "percent_covered": 100.0, "percent_covered_display": "100", "missing_lines": 0, "excluded_lines": 0, "percent_statements_covered": 100.0, "percent_statements_covered_display": "100"}, "missing_lines": [], "excluded_lines": [], "start_line": 68}, "TestSpecSkillFallback.test_classify_ui": {"executed_lines": [75], "summary": {"covered_lines": 1, "num_statements": 1, "percent_covered": 100.0, "percent_covered_display": "100", "missing_lines": 0, "excluded_lines": 0, "percent_statements_covered": 100.0, "percent_statements_covered_display": "100"}, "missing_lines": [], "excluded_lines": [], "start_line": 73}, "TestSpecSkillFallback.test_classify_script": {"executed_lines": [79], "summary": {"covered_lines": 1, "num_statements": 1, "percent_covered": 100.0, "percent_covered_display": "100", "missing_lines": 0, "excluded_lines": 0, "percent_statements_covered": 100.0, "percent_statements_covered_display": "100"}, "missing_lines": [], "excluded_lines": [], "start_line": 77}, "TestSpecSkillFallback.test_classify_infrastructure": {"executed_lines": [83], "summary": {"covered_lines": 1, "num_statements": 1, "percent_covered": 100.0, "percent_covered_display": "100", "missing_lines": 0, "excluded_lines": 0, "percent_statements_covered": 100.0, "percent_statements_covered_display": "100"}, "missing_lines": [], "excluded_lines": [], "start_line": 81}, "TestSpecSkillFallback.test_extract_user_domain": {"executed_lines": [87, 88], "summary": {"covered_lines": 2, "num_statements": 2, "percent_covered": 100.0, "percent_covered_display": "100", "missing_lines": 0, "excluded_lines": 0, "percent_statements_covered": 100.0, "percent_statements_covered_display": "100"}, "missing_lines": [], "excluded_lines": [], "start_line": 85}, "TestSpecSkillFallback.test_extract_action": {"executed_lines": [92, 93], "summary": {"covered_lines": 2, "num_statements": 2, "percent_covered": 100.0, "percent_covered_display": "100", "missing_lines": 0, "excluded_lines": 0, "percent_statements_covered": 100.0, "percent_statements_covered_display": "100"}, "missing_lines": [], "excluded_lines": [], "start_line": 90}, "TestSpecSkillFallback.test_infer_function_name": {"executed_lines": [97], "summary": {"covered_lines": 1, "num_statements": 1, "percent_covered": 100.0, "percent_covered_display": "100", "missing_lines": 0, "excluded_lines": 0, "percent_statements_covered": 100.0, "percent_statements_covered_display": "100"}, "missing_lines": [], "excluded_lines": [], "start_line": 95}, "TestSpecEntities.test_extract_product_domain": {"executed_lines": [105, 106, 107, 109], "summary": {"covered_lines": 4, "num_statements": 4, "percent_covered": 100.0, "percent_covered_display": "100", "missing_lines": 0, "excluded_lines": 0, "percent_statements_covered": 100.0, "percent_statements_covered_display": "100"}, "missing_lines": [], "excluded_lines": [], "start_line": 103}, "TestSpecEntities.test_extract_payment_action": {"executed_lines": [113, 114, 115, 116], "summary": {"covered_lines": 4, "num_statements": 4, "percent_covered": 100.0, "percent_covered_display": "100", "missing_lines": 0, "excluded_lines": 0, "percent_statements_covered": 100.0, "percent_statements_covered_display": "100"}, "missing_lines": [], "excluded_lines": [], "start_line": 111}, "TestSpecEntities.test_extract_multiple_entities": {"executed_lines": [120, 121, 122, 123], "summary": {"covered_lines": 4, "num_statements": 4, "percent_covered": 100.0, "percent_covered_display": "100", "missing_lines": 0, "excluded_lines": 0, "percent_statements_covered": 100.0, "percent_statements_covered_display": "100"}, "missing_lines": [], "excluded_lines": [], "start_line": 118}, "TestSpecRequirementType.test_classify_refactor": {"executed_lines": [131, 132, 133, 134], "summary": {"covered_lines": 4, "num_statements": 4, "percent_covered": 100.0, "percent_covered_display": "100", "missing_lines": 0, "excluded_lines": 0, "percent_statements_covered": 100.0, "percent_statements_covered_display": "100"}, "missing_lines": [], "excluded_lines": [], "start_line": 129}, "TestSpecRequirementType.test_classify_security": {"executed_lines": [138, 139, 140, 141], "summary": {"covered_lines": 4, "num_statements": 4, "percent_covered": 100.0, "percent_covered_display": "100", "missing_lines": 0, "excluded_lines": 0, "percent_statements_covered": 100.0, "percent_statements_covered_display": "100"}, "missing_lines": [], "excluded_lines": [], "start_line": 136}, "TestSpecRequirementType.test_classify_data": {"executed_lines": [145, 146, 147, 148], "summary": {"covered_lines": 4, "num_statements": 4, "percent_covered": 100.0, "percent_covered_display": "100", "missing_lines": 0, "excluded_lines": 0, "percent_statements_covered": 100.0, "percent_statements_covered_display": "100"}, "missing_lines": [], "excluded_lines": [], "start_line": 143}, "TestSpecSkillExecute.test_execute_refactor_requirement": {"executed_lines": [157, 158, 159, 160, 166, 167], "summary": {"covered_lines": 6, "num_statements": 8, "percent_covered": 75.0, "percent_covered_display": "75", "missing_lines": 2, "excluded_lines": 0, "percent_statements_covered": 75.0, "percent_statements_covered_display": "75"}, "missing_lines": [168, 169], "excluded_lines": [], "start_line": 155}, "": {"executed_lines": [3, 4, 7, 10, 22, 25, 33, 45, 48, 49, 55, 60, 64, 68, 73, 77, 81, 85, 90, 95, 100, 103, 111, 118, 126, 129, 136, 143, 151, 154, 155], "summary": {"covered_lines": 31, "num_statements": 31, "percent_covered": 100.0, "percent_covered_display": "100", "missing_lines": 0, "excluded_lines": 0, "percent_statements_covered": 100.0, "percent_statements_covered_display": "100"}, "missing_lines": [], "excluded_lines": [], "start_line": 1}}, "classes": {"TestRequirementType": {"executed_lines": [12, 13, 14, 15, 16, 17, 18, 19], "summary": {"covered_lines": 8, "num_statements": 8, "percent_covered": 100.0, "percent_covered_display": "100", "missing_lines": 0, "excluded_lines": 0, "percent_statements_covered": 100.0, "percent_statements_covered_display": "100"}, "missing_lines": [], "excluded_lines": [], "start_line": 7}, "TestExtractedEntities": {"executed_lines": [27, 28, 29, 30, 31, 35, 40, 41, 42], "summary": {"covered_lines": 9, "num_statements": 9, "percent_covered": 100.0, "percent_covered_display": "100", "missing_lines": 0, "excluded_lines": 0, "percent_statements_covered": 100.0, "percent_statements_covered_display": "100"}, "missing_lines": [], "excluded_lines": [], "start_line": 22}, "TestSpecSkillFallback": {"executed_lines": [51, 52, 53, 57, 58, 62, 66, 70, 71, 75, 79, 83, 87, 88, 92, 93, 97], "summary": {"covered_lines": 17, "num_statements": 17, "percent_covered": 100.0, "percent_covered_display": "100", "missing_lines": 0, "excluded_lines": 0, "percent_statements_covered": 100.0, "percent_statements_covered_display": "100"}, "missing_lines": [], "excluded_lines": [], "start_line": 45}, "TestSpecEntities": {"executed_lines": [105, 106, 107, 109, 113, 114, 115, 116, 120, 121, 122, 123], "summary": {"covered_lines": 12, "num_statements": 12, "percent_covered": 100.0, "percent_covered_display": "100", "missing_lines": 0, "excluded_lines": 0, "percent_statements_covered": 100.0, "percent_statements_covered_display": "100"}, "missing_lines": [], "excluded_lines": [], "start_line": 100}, "TestSpecRequirementType": {"executed_lines": [131, 132, 133, 134, 138, 139, 140, 141, 145, 146, 147, 148], "summary": {"covered_lines": 12, "num_statements": 12, "percent_covered": 100.0, "percent_covered_display": "100", "missing_lines": 0, "excluded_lines": 0, "percent_statements_covered": 100.0, "percent_statements_covered_display": "100"}, "missing_lines": [], "excluded_lines": [], "start_line": 126}, "TestSpecSkillExecute": {"executed_lines": [157, 158, 159, 160, 166, 167], "summary": {"covered_lines": 6, "num_statements": 8, "percent_covered": 75.0, "percent_covered_display": "75", "missing_lines": 2, "excluded_lines": 0, "percent_statements_covered": 75.0, "percent_statements_covered_display": "75"}, "missing_lines": [168, 169], "excluded_lines": [], "start_line": 151}, "": {"executed_lines": [3, 4, 7, 10, 22, 25, 33, 45, 48, 49, 55, 60, 64, 68, 73, 77, 81, 85, 90, 95, 100, 103, 111, 118, 126, 129, 136, 143, 151, 154, 155], "summary": {"covered_lines": 31, "num_statements": 31, "percent_covered": 100.0, "percent_covered_display": "100", "missing_lines": 0, "excluded_lines": 0, "percent_statements_covered": 100.0, "percent_statements_covered_display": "100"}, "missing_lines": [], "excluded_lines": [], "start_line": 1}}}, "tests/test_users.py": {"executed_lines": [2, 3, 5, 7, 8, 10, 12, 13, 14], "summary": {"covered_lines": 9, "num_statements": 9, "percent_covered": 100.0, "percent_covered_display": "100", "missing_lines": 0, "excluded_lines": 0, "percent_statements_covered": 100.0, "percent_statements_covered_display": "100"}, "missing_lines": [], "excluded_lines": [], "functions": {"test_list_users": {"executed_lines": [7, 8], "summary": {"covered_lines": 2, "num_statements": 2, "percent_covered": 100.0, "percent_covered_display": "100", "missing_lines": 0, "excluded_lines": 0, "percent_statements_covered": 100.0, "percent_statements_covered_display": "100"}, "missing_lines": [], "excluded_lines": [], "start_line": 5}, "test_create_users": {"executed_lines": [12, 13, 14], "summary": {"covered_lines": 3, "num_statements": 3, "percent_covered": 100.0, "percent_covered_display": "100", "missing_lines": 0, "excluded_lines": 0, "percent_statements_covered": 100.0, "percent_statements_covered_display": "100"}, "missing_lines": [], "excluded_lines": [], "start_line": 10}, "": {"executed_lines": [2, 3, 5, 10], "summary": {"covered_lines": 4, "num_statements": 4, "percent_covered": 100.0, "percent_covered_display": "100", "missing_lines": 0, "excluded_lines": 0, "percent_statements_covered": 100.0, "percent_statements_covered_display": "100"}, "missing_lines": [], "excluded_lines": [], "start_line": 1}}, "classes": {"": {"executed_lines": [2, 3, 5, 7, 8, 10, 12, 13, 14], "summary": {"covered_lines": 9, "num_statements": 9, "percent_covered": 100.0, "percent_covered_display": "100", "missing_lines": 0, "excluded_lines": 0, "percent_statements_covered": 100.0, "percent_statements_covered_display": "100"}, "missing_lines": [], "excluded_lines": [], "start_line": 1}}}}, "totals": {"covered_lines": 7134, "num_statements": 8785, "percent_covered": 81.20660216277746, "percent_covered_display": "81", "missing_lines": 1651, "excluded_lines": 0, "percent_statements_covered": 81.20660216277746, "percent_statements_covered_display": "81"}}